<?xml version="1.0" encoding="UTF-8"?>
<robot generator="Robot 5.0.1 (Python 3.9.1 on win32)" generated="20221202 11:03:17.334" rpa="false" schemaversion="3">
<suite id="s1" name="Test Cases" source="C:\Users\matheus.scheffer\Documents\projeto-desenvolvimento-II\Testes-Aceite\tests\test_cases.robot">
<kw name="Open Browser To Login Page" library="resource" type="SETUP">
<kw name="Open Browser" library="SeleniumLibrary">
<arg>${LOGIN URL}</arg>
<arg>${BROWSER}</arg>
<doc>Opens a new browser instance to the optional ``url``.</doc>
<msg timestamp="20221202 11:03:17.959" level="INFO">Opening browser 'chrome' to base url 'http://localhost:3001/login'.</msg>
<status status="PASS" starttime="20221202 11:03:17.959" endtime="20221202 11:03:21.031"/>
</kw>
<kw name="Maximize Browser Window" library="SeleniumLibrary">
<doc>Maximizes current browser window.</doc>
<status status="PASS" starttime="20221202 11:03:21.032" endtime="20221202 11:03:21.168"/>
</kw>
<kw name="Set Selenium Speed" library="SeleniumLibrary">
<arg>${DELAY}</arg>
<doc>Sets the delay that is waited after each Selenium command.</doc>
<status status="PASS" starttime="20221202 11:03:21.168" endtime="20221202 11:03:21.169"/>
</kw>
<kw name="Login Page Should Be Open" library="resource">
<kw name="Title Should Be" library="SeleniumLibrary">
<arg>Login</arg>
<doc>Verifies that the current page title equals ``title``.</doc>
<msg timestamp="20221202 11:03:21.487" level="INFO">Page title is 'Login'.</msg>
<status status="PASS" starttime="20221202 11:03:21.170" endtime="20221202 11:03:21.487"/>
</kw>
<status status="PASS" starttime="20221202 11:03:21.169" endtime="20221202 11:03:21.487"/>
</kw>
<status status="PASS" starttime="20221202 11:03:17.959" endtime="20221202 11:03:21.488"/>
</kw>
<test id="s1-t1" name="Test Create User" line="10">
<kw name="Given browser is opened to login page">
<kw name="Login Page Should Be Open" library="resource">
<kw name="Title Should Be" library="SeleniumLibrary">
<arg>Login</arg>
<doc>Verifies that the current page title equals ``title``.</doc>
<msg timestamp="20221202 11:03:21.813" level="INFO">Page title is 'Login'.</msg>
<status status="PASS" starttime="20221202 11:03:21.494" endtime="20221202 11:03:21.813"/>
</kw>
<status status="PASS" starttime="20221202 11:03:21.493" endtime="20221202 11:03:21.813"/>
</kw>
<status status="PASS" starttime="20221202 11:03:21.491" endtime="20221202 11:03:21.814"/>
</kw>
<kw name="When user &quot;${LOGIN ADM}&quot; logs in with password &quot;${PASSWORD ADM}&quot;" sourcename="User &quot;${username}&quot; logs in with password &quot;${password}&quot;">
<kw name="Input User Name" library="resource">
<arg>${username}</arg>
<kw name="Input Text" library="SeleniumLibrary">
<arg>usuario</arg>
<arg>${username}</arg>
<doc>Types the given ``text`` into the text field identified by ``locator``.</doc>
<msg timestamp="20221202 11:03:21.816" level="INFO">Typing text 'Matheus Scheffer' into text field 'usuario'.</msg>
<status status="PASS" starttime="20221202 11:03:21.816" endtime="20221202 11:03:22.939"/>
</kw>
<status status="PASS" starttime="20221202 11:03:21.815" endtime="20221202 11:03:22.939"/>
</kw>
<kw name="Input Password" library="resource">
<arg>${password}</arg>
<kw name="Input Text" library="SeleniumLibrary">
<arg>senha</arg>
<arg>${password}</arg>
<doc>Types the given ``text`` into the text field identified by ``locator``.</doc>
<msg timestamp="20221202 11:03:22.940" level="INFO">Typing text '123' into text field 'senha'.</msg>
<status status="PASS" starttime="20221202 11:03:22.940" endtime="20221202 11:03:23.996"/>
</kw>
<status status="PASS" starttime="20221202 11:03:22.939" endtime="20221202 11:03:23.996"/>
</kw>
<kw name="Submit Credentials" library="resource">
<arg>Logar</arg>
<kw name="Click Element" library="SeleniumLibrary">
<arg>//button[contains(text(),'${text}')]</arg>
<doc>Click the element identified by ``locator``.</doc>
<msg timestamp="20221202 11:03:23.998" level="INFO">Clicking element '//button[contains(text(),'Logar')]'.</msg>
<status status="PASS" starttime="20221202 11:03:23.997" endtime="20221202 11:03:24.696"/>
</kw>
<status status="PASS" starttime="20221202 11:03:23.996" endtime="20221202 11:03:24.696"/>
</kw>
<status status="PASS" starttime="20221202 11:03:21.814" endtime="20221202 11:03:24.696"/>
</kw>
<kw name="Then Create User">
<kw name="Write On Input Cadastro" library="resource">
<arg>nome</arg>
<arg>Usuario</arg>
<kw name="Write Text Input Cadastro" library="CustomLibraryTests">
<arg>${id}</arg>
<arg>${text}</arg>
<status status="PASS" starttime="20221202 11:03:24.699" endtime="20221202 11:03:25.442"/>
</kw>
<status status="PASS" starttime="20221202 11:03:24.698" endtime="20221202 11:03:25.442"/>
</kw>
<kw name="Write On Input Cadastro" library="resource">
<arg>sobrenome</arg>
<arg>Teste</arg>
<kw name="Write Text Input Cadastro" library="CustomLibraryTests">
<arg>${id}</arg>
<arg>${text}</arg>
<status status="PASS" starttime="20221202 11:03:25.443" endtime="20221202 11:03:26.180"/>
</kw>
<status status="PASS" starttime="20221202 11:03:25.443" endtime="20221202 11:03:26.180"/>
</kw>
<kw name="Write On Input Cadastro" library="resource">
<arg>idade</arg>
<arg>26</arg>
<kw name="Write Text Input Cadastro" library="CustomLibraryTests">
<arg>${id}</arg>
<arg>${text}</arg>
<status status="PASS" starttime="20221202 11:03:26.181" endtime="20221202 11:03:26.896"/>
</kw>
<status status="PASS" starttime="20221202 11:03:26.180" endtime="20221202 11:03:26.896"/>
</kw>
<kw name="Write On Input Cadastro" library="resource">
<arg>peso</arg>
<arg>80</arg>
<kw name="Write Text Input Cadastro" library="CustomLibraryTests">
<arg>${id}</arg>
<arg>${text}</arg>
<status status="PASS" starttime="20221202 11:03:26.897" endtime="20221202 11:03:27.621"/>
</kw>
<status status="PASS" starttime="20221202 11:03:26.896" endtime="20221202 11:03:27.621"/>
</kw>
<kw name="Write On Input Cadastro" library="resource">
<arg>objetivo</arg>
<arg>ganho</arg>
<kw name="Write Text Input Cadastro" library="CustomLibraryTests">
<arg>${id}</arg>
<arg>${text}</arg>
<status status="PASS" starttime="20221202 11:03:27.622" endtime="20221202 11:03:28.346"/>
</kw>
<status status="PASS" starttime="20221202 11:03:27.621" endtime="20221202 11:03:28.346"/>
</kw>
<kw name="Write On Input Cadastro" library="resource">
<arg>whatsapp</arg>
<arg>997856303</arg>
<kw name="Write Text Input Cadastro" library="CustomLibraryTests">
<arg>${id}</arg>
<arg>${text}</arg>
<status status="PASS" starttime="20221202 11:03:28.347" endtime="20221202 11:03:29.095"/>
</kw>
<status status="PASS" starttime="20221202 11:03:28.346" endtime="20221202 11:03:29.095"/>
</kw>
<kw name="Write On Input Cadastro" library="resource">
<arg>role</arg>
<arg>USER</arg>
<kw name="Write Text Input Cadastro" library="CustomLibraryTests">
<arg>${id}</arg>
<arg>${text}</arg>
<status status="PASS" starttime="20221202 11:03:29.096" endtime="20221202 11:03:29.815"/>
</kw>
<status status="PASS" starttime="20221202 11:03:29.095" endtime="20221202 11:03:29.815"/>
</kw>
<kw name="Submit Credentials" library="resource">
<arg>Cadastrar</arg>
<kw name="Click Element" library="SeleniumLibrary">
<arg>//button[contains(text(),'${text}')]</arg>
<doc>Click the element identified by ``locator``.</doc>
<msg timestamp="20221202 11:03:29.817" level="INFO">Clicking element '//button[contains(text(),'Cadastrar')]'.</msg>
<status status="PASS" starttime="20221202 11:03:29.816" endtime="20221202 11:03:30.523"/>
</kw>
<status status="PASS" starttime="20221202 11:03:29.815" endtime="20221202 11:03:30.523"/>
</kw>
<status status="PASS" starttime="20221202 11:03:24.697" endtime="20221202 11:03:30.524"/>
</kw>
<kw name="Verify Success Message" library="resource">
<kw name="Wait Until Element Is Visible" library="SeleniumLibrary">
<arg>//section[contains(@class,'sucess')]</arg>
<arg>2</arg>
<doc>Waits until the element ``locator`` is visible.</doc>
<status status="PASS" starttime="20221202 11:03:30.526" endtime="20221202 11:03:31.195"/>
</kw>
<status status="PASS" starttime="20221202 11:03:30.525" endtime="20221202 11:03:31.195"/>
</kw>
<kw name="And add rotina">
<kw name="Click On Editar" library="resource">
<arg>Usuario Teste</arg>
<kw name="Click On Editar Button" library="CustomLibraryTests">
<arg>${username}</arg>
<status status="PASS" starttime="20221202 11:03:31.198" endtime="20221202 11:03:31.902"/>
</kw>
<status status="PASS" starttime="20221202 11:03:31.197" endtime="20221202 11:03:31.902"/>
</kw>
<kw name="Wait Until Element Is Visible" library="SeleniumLibrary">
<arg>//div[contains(@class,'card-adicionar-rotina')]</arg>
<doc>Waits until the element ``locator`` is visible.</doc>
<status status="PASS" starttime="20221202 11:03:31.902" endtime="20221202 11:03:32.561"/>
</kw>
<kw name="Add Rotina Card" library="resource">
<arg>Segunda</arg>
<kw name="Click Card Add Rotina" library="CustomLibraryTests">
<status status="PASS" starttime="20221202 11:03:32.562" endtime="20221202 11:03:33.256"/>
</kw>
<kw name="Input Text" library="SeleniumLibrary">
<arg>dia</arg>
<arg>${dia}</arg>
<doc>Types the given ``text`` into the text field identified by ``locator``.</doc>
<msg timestamp="20221202 11:03:33.257" level="INFO">Typing text 'Segunda' into text field 'dia'.</msg>
<status status="PASS" starttime="20221202 11:03:33.256" endtime="20221202 11:03:34.343"/>
</kw>
<kw name="Click Button By Text" library="CustomLibraryTests">
<arg>Salvar</arg>
<status status="PASS" starttime="20221202 11:03:34.343" endtime="20221202 11:03:35.009"/>
</kw>
<kw name="Wait Until Element Is Visible" library="SeleniumLibrary">
<arg>//div[@class='card-rotina-container']//a[contains(text(),'${dia}')]</arg>
<arg>2</arg>
<doc>Waits until the element ``locator`` is visible.</doc>
<status status="PASS" starttime="20221202 11:03:35.009" endtime="20221202 11:03:35.650"/>
</kw>
<status status="PASS" starttime="20221202 11:03:32.561" endtime="20221202 11:03:35.650"/>
</kw>
<kw name="Click Rotina" library="CustomLibraryTests">
<arg>Segunda</arg>
<status status="PASS" starttime="20221202 11:03:35.651" endtime="20221202 11:03:36.356"/>
</kw>
<kw name="Wait Until Element Is Visible" library="SeleniumLibrary">
<arg>//section[@id='modal-editar']</arg>
<arg>2</arg>
<doc>Waits until the element ``locator`` is visible.</doc>
<status status="PASS" starttime="20221202 11:03:36.356" endtime="20221202 11:03:37.016"/>
</kw>
<kw name="Add Treino" library="resource">
<arg>Rosca Direta</arg>
<arg>0</arg>
<arg>4</arg>
<arg>12</arg>
<kw name="Wait Until Element Is Visible" library="SeleniumLibrary">
<arg>//div[@class='card-adicionar-exercicio']</arg>
<doc>Waits until the element ``locator`` is visible.</doc>
<status status="PASS" starttime="20221202 11:03:37.017" endtime="20221202 11:03:37.672"/>
</kw>
<kw name="Click Add Exercicio" library="CustomLibraryTests">
<status status="PASS" starttime="20221202 11:03:37.672" endtime="20221202 11:03:38.348"/>
</kw>
<kw name="Write Nome Exercicio" library="CustomLibraryTests">
<arg>${nome}</arg>
<arg>${index}</arg>
<status status="PASS" starttime="20221202 11:03:38.348" endtime="20221202 11:03:39.075"/>
</kw>
<kw name="Write Input Exercicio" library="CustomLibraryTests">
<arg>series</arg>
<arg>${serie}</arg>
<status status="PASS" starttime="20221202 11:03:39.075" endtime="20221202 11:03:39.761"/>
</kw>
<kw name="Write Input Exercicio" library="CustomLibraryTests">
<arg>repeticoes</arg>
<arg>${repeticoes}</arg>
<status status="PASS" starttime="20221202 11:03:39.761" endtime="20221202 11:03:40.441"/>
</kw>
<kw name="Click Button By Text And Index" library="CustomLibraryTests">
<arg>Salvar</arg>
<arg>${index}</arg>
<status status="PASS" starttime="20221202 11:03:40.441" endtime="20221202 11:03:41.093"/>
</kw>
<status status="PASS" starttime="20221202 11:03:37.016" endtime="20221202 11:03:41.093"/>
</kw>
<kw name="Add Treino" library="resource">
<arg>Rosca Concentrada</arg>
<arg>1</arg>
<arg>4</arg>
<arg>12</arg>
<kw name="Wait Until Element Is Visible" library="SeleniumLibrary">
<arg>//div[@class='card-adicionar-exercicio']</arg>
<doc>Waits until the element ``locator`` is visible.</doc>
<status status="PASS" starttime="20221202 11:03:41.094" endtime="20221202 11:03:41.720"/>
</kw>
<kw name="Click Add Exercicio" library="CustomLibraryTests">
<status status="PASS" starttime="20221202 11:03:41.720" endtime="20221202 11:03:42.376"/>
</kw>
<kw name="Write Nome Exercicio" library="CustomLibraryTests">
<arg>${nome}</arg>
<arg>${index}</arg>
<status status="PASS" starttime="20221202 11:03:42.376" endtime="20221202 11:03:43.124"/>
</kw>
<kw name="Write Input Exercicio" library="CustomLibraryTests">
<arg>series</arg>
<arg>${serie}</arg>
<status status="PASS" starttime="20221202 11:03:43.124" endtime="20221202 11:03:43.843"/>
</kw>
<kw name="Write Input Exercicio" library="CustomLibraryTests">
<arg>repeticoes</arg>
<arg>${repeticoes}</arg>
<status status="PASS" starttime="20221202 11:03:43.843" endtime="20221202 11:03:44.545"/>
</kw>
<kw name="Click Button By Text And Index" library="CustomLibraryTests">
<arg>Salvar</arg>
<arg>${index}</arg>
<status status="PASS" starttime="20221202 11:03:44.545" endtime="20221202 11:03:45.224"/>
</kw>
<status status="PASS" starttime="20221202 11:03:41.093" endtime="20221202 11:03:45.224"/>
</kw>
<kw name="Click Button By Text" library="CustomLibraryTests">
<arg>Fechar</arg>
<status status="PASS" starttime="20221202 11:03:45.224" endtime="20221202 11:03:45.931"/>
</kw>
<kw name="Title Should Be" library="SeleniumLibrary">
<arg>Editar Usuario</arg>
<doc>Verifies that the current page title equals ``title``.</doc>
<msg timestamp="20221202 11:03:46.244" level="INFO">Page title is 'Editar Usuario'.</msg>
<status status="PASS" starttime="20221202 11:03:45.931" endtime="20221202 11:03:46.244"/>
</kw>
<status status="PASS" starttime="20221202 11:03:31.196" endtime="20221202 11:03:46.245"/>
</kw>
<kw name="Logoff" library="resource" type="TEARDOWN">
<kw name="Click Button By Text" library="CustomLibraryTests">
<arg>Sair</arg>
<status status="PASS" starttime="20221202 11:03:46.247" endtime="20221202 11:03:46.936"/>
</kw>
<status status="PASS" starttime="20221202 11:03:46.246" endtime="20221202 11:03:46.936"/>
</kw>
<status status="PASS" starttime="20221202 11:03:21.489" endtime="20221202 11:03:46.937"/>
</test>
<test id="s1-t2" name="Test User Verify Routine" line="17">
<kw name="Given browser is opened to login page">
<kw name="Login Page Should Be Open" library="resource">
<kw name="Title Should Be" library="SeleniumLibrary">
<arg>Login</arg>
<doc>Verifies that the current page title equals ``title``.</doc>
<msg timestamp="20221202 11:03:47.262" level="INFO">Page title is 'Login'.</msg>
<status status="PASS" starttime="20221202 11:03:46.942" endtime="20221202 11:03:47.262"/>
</kw>
<status status="PASS" starttime="20221202 11:03:46.941" endtime="20221202 11:03:47.262"/>
</kw>
<status status="PASS" starttime="20221202 11:03:46.941" endtime="20221202 11:03:47.263"/>
</kw>
<kw name="When user &quot;${LOGIN USER}&quot; logs in with password &quot;${PASSWORD USER}&quot;" sourcename="User &quot;${username}&quot; logs in with password &quot;${password}&quot;">
<kw name="Input User Name" library="resource">
<arg>${username}</arg>
<kw name="Input Text" library="SeleniumLibrary">
<arg>usuario</arg>
<arg>${username}</arg>
<doc>Types the given ``text`` into the text field identified by ``locator``.</doc>
<msg timestamp="20221202 11:03:47.266" level="INFO">Typing text 'Usuario Teste' into text field 'usuario'.</msg>
<status status="PASS" starttime="20221202 11:03:47.265" endtime="20221202 11:03:48.325"/>
</kw>
<status status="PASS" starttime="20221202 11:03:47.264" endtime="20221202 11:03:48.325"/>
</kw>
<kw name="Input Password" library="resource">
<arg>${password}</arg>
<kw name="Input Text" library="SeleniumLibrary">
<arg>senha</arg>
<arg>${password}</arg>
<doc>Types the given ``text`` into the text field identified by ``locator``.</doc>
<msg timestamp="20221202 11:03:48.325" level="INFO">Typing text 'usuario.teste' into text field 'senha'.</msg>
<status status="PASS" starttime="20221202 11:03:48.325" endtime="20221202 11:03:49.382"/>
</kw>
<status status="PASS" starttime="20221202 11:03:48.325" endtime="20221202 11:03:49.382"/>
</kw>
<kw name="Submit Credentials" library="resource">
<arg>Logar</arg>
<kw name="Click Element" library="SeleniumLibrary">
<arg>//button[contains(text(),'${text}')]</arg>
<doc>Click the element identified by ``locator``.</doc>
<msg timestamp="20221202 11:03:49.383" level="INFO">Clicking element '//button[contains(text(),'Logar')]'.</msg>
<status status="PASS" starttime="20221202 11:03:49.383" endtime="20221202 11:03:50.038"/>
</kw>
<status status="PASS" starttime="20221202 11:03:49.382" endtime="20221202 11:03:50.039"/>
</kw>
<status status="PASS" starttime="20221202 11:03:47.263" endtime="20221202 11:03:50.039"/>
</kw>
<kw name="And select routine Segunda" sourcename="Select Routine ${dia}">
<kw name="Click Element" library="SeleniumLibrary">
<arg>//div[contains(@class,'card-rotina-container')]//a[text()='${dia}']</arg>
<doc>Click the element identified by ``locator``.</doc>
<msg timestamp="20221202 11:03:50.041" level="INFO">Clicking element '//div[contains(@class,'card-rotina-container')]//a[text()='Segunda']'.</msg>
<status status="PASS" starttime="20221202 11:03:50.041" endtime="20221202 11:03:50.723"/>
</kw>
<status status="PASS" starttime="20221202 11:03:50.040" endtime="20221202 11:03:50.723"/>
</kw>
<kw name="Then edit field carga Of Exercise Rosca Direta With Value 10" sourcename="Edit Field ${campo} Of Exercise ${nome} With Value ${valor}">
<kw name="Type Edit Input" library="resource">
<arg>${nome}</arg>
<arg>${campo}</arg>
<arg>${valor}</arg>
<kw name="Input Text" library="SeleniumLibrary">
<arg>//textarea[contains(text(),'${nome}')]/..//input[@id='${atributo}']</arg>
<arg>${valor}</arg>
<doc>Types the given ``text`` into the text field identified by ``locator``.</doc>
<msg timestamp="20221202 11:03:50.727" level="INFO">Typing text '10' into text field '//textarea[contains(text(),'Rosca Direta')]/..//input[@id='carga']'.</msg>
<status status="PASS" starttime="20221202 11:03:50.726" endtime="20221202 11:03:51.750"/>
</kw>
<status status="PASS" starttime="20221202 11:03:50.725" endtime="20221202 11:03:51.750"/>
</kw>
<status status="PASS" starttime="20221202 11:03:50.724" endtime="20221202 11:03:51.750"/>
</kw>
<kw name="And edit field cargaAlcancada Of Exercise Rosca Direta With Value 10" sourcename="Edit Field ${campo} Of Exercise ${nome} With Value ${valor}">
<kw name="Type Edit Input" library="resource">
<arg>${nome}</arg>
<arg>${campo}</arg>
<arg>${valor}</arg>
<kw name="Input Text" library="SeleniumLibrary">
<arg>//textarea[contains(text(),'${nome}')]/..//input[@id='${atributo}']</arg>
<arg>${valor}</arg>
<doc>Types the given ``text`` into the text field identified by ``locator``.</doc>
<msg timestamp="20221202 11:03:51.753" level="INFO">Typing text '10' into text field '//textarea[contains(text(),'Rosca Direta')]/..//input[@id='cargaAlcancada']'.</msg>
<status status="PASS" starttime="20221202 11:03:51.752" endtime="20221202 11:03:52.777"/>
</kw>
<status status="PASS" starttime="20221202 11:03:51.752" endtime="20221202 11:03:52.777"/>
</kw>
<status status="PASS" starttime="20221202 11:03:51.751" endtime="20221202 11:03:52.777"/>
</kw>
<kw name="And edit field repeticoesFeitas Of Exercise Rosca Direta With Value 10" sourcename="Edit Field ${campo} Of Exercise ${nome} With Value ${valor}">
<kw name="Type Edit Input" library="resource">
<arg>${nome}</arg>
<arg>${campo}</arg>
<arg>${valor}</arg>
<kw name="Input Text" library="SeleniumLibrary">
<arg>//textarea[contains(text(),'${nome}')]/..//input[@id='${atributo}']</arg>
<arg>${valor}</arg>
<doc>Types the given ``text`` into the text field identified by ``locator``.</doc>
<msg timestamp="20221202 11:03:52.779" level="INFO">Typing text '10' into text field '//textarea[contains(text(),'Rosca Direta')]/..//input[@id='repeticoesFeitas']'.</msg>
<status status="PASS" starttime="20221202 11:03:52.779" endtime="20221202 11:03:53.815"/>
</kw>
<status status="PASS" starttime="20221202 11:03:52.778" endtime="20221202 11:03:53.815"/>
</kw>
<status status="PASS" starttime="20221202 11:03:52.778" endtime="20221202 11:03:53.816"/>
</kw>
<kw name="And save exercise Rosca Direta" sourcename="Save Exercise ${exercicio}">
<kw name="Save Exercise" library="resource">
<arg>${exercicio}</arg>
<kw name="Click Element" library="SeleniumLibrary">
<arg>//textarea[contains(text(),'${nome}')]/../..//button[contains(text(),'Salvar')]</arg>
<doc>Click the element identified by ``locator``.</doc>
<msg timestamp="20221202 11:03:53.818" level="INFO">Clicking element '//textarea[contains(text(),'Rosca Direta')]/../..//button[contains(text(),'Salvar')]'.</msg>
<status status="PASS" starttime="20221202 11:03:53.817" endtime="20221202 11:03:54.489"/>
</kw>
<kw name="Wait Until Element Is Visible" library="SeleniumLibrary">
<arg>//section[contains(@class,'sucess')]</arg>
<arg>2</arg>
<doc>Waits until the element ``locator`` is visible.</doc>
<status status="PASS" starttime="20221202 11:03:54.489" endtime="20221202 11:03:55.138"/>
</kw>
<kw name="Element Should Be Visible" library="SeleniumLibrary">
<arg>//section[contains(@class,'sucess')]</arg>
<arg>2</arg>
<doc>Verifies that the element identified by ``locator`` is visible.</doc>
<msg timestamp="20221202 11:03:55.765" level="INFO">Element '//section[contains(@class,'sucess')]' is displayed.</msg>
<status status="PASS" starttime="20221202 11:03:55.138" endtime="20221202 11:03:55.765"/>
</kw>
<status status="PASS" starttime="20221202 11:03:53.817" endtime="20221202 11:03:55.765"/>
</kw>
<status status="PASS" starttime="20221202 11:03:53.816" endtime="20221202 11:03:55.765"/>
</kw>
<kw name="And edit field carga Of Exercise Rosca Concentrada With Value 10" sourcename="Edit Field ${campo} Of Exercise ${nome} With Value ${valor}">
<kw name="Type Edit Input" library="resource">
<arg>${nome}</arg>
<arg>${campo}</arg>
<arg>${valor}</arg>
<kw name="Input Text" library="SeleniumLibrary">
<arg>//textarea[contains(text(),'${nome}')]/..//input[@id='${atributo}']</arg>
<arg>${valor}</arg>
<doc>Types the given ``text`` into the text field identified by ``locator``.</doc>
<msg timestamp="20221202 11:03:55.768" level="INFO">Typing text '10' into text field '//textarea[contains(text(),'Rosca Concentrada')]/..//input[@id='carga']'.</msg>
<status status="PASS" starttime="20221202 11:03:55.768" endtime="20221202 11:03:56.792"/>
</kw>
<status status="PASS" starttime="20221202 11:03:55.767" endtime="20221202 11:03:56.792"/>
</kw>
<status status="PASS" starttime="20221202 11:03:55.766" endtime="20221202 11:03:56.793"/>
</kw>
<kw name="And edit field cargaAlcancada Of Exercise Rosca Concentrada With Value 10" sourcename="Edit Field ${campo} Of Exercise ${nome} With Value ${valor}">
<kw name="Type Edit Input" library="resource">
<arg>${nome}</arg>
<arg>${campo}</arg>
<arg>${valor}</arg>
<kw name="Input Text" library="SeleniumLibrary">
<arg>//textarea[contains(text(),'${nome}')]/..//input[@id='${atributo}']</arg>
<arg>${valor}</arg>
<doc>Types the given ``text`` into the text field identified by ``locator``.</doc>
<msg timestamp="20221202 11:03:56.795" level="INFO">Typing text '10' into text field '//textarea[contains(text(),'Rosca Concentrada')]/..//input[@id='cargaAlcancada']'.</msg>
<status status="PASS" starttime="20221202 11:03:56.795" endtime="20221202 11:03:57.817"/>
</kw>
<status status="PASS" starttime="20221202 11:03:56.794" endtime="20221202 11:03:57.817"/>
</kw>
<status status="PASS" starttime="20221202 11:03:56.794" endtime="20221202 11:03:57.817"/>
</kw>
<kw name="And edit field repeticoesFeitas Of Exercise Rosca Concentrada With Value 10" sourcename="Edit Field ${campo} Of Exercise ${nome} With Value ${valor}">
<kw name="Type Edit Input" library="resource">
<arg>${nome}</arg>
<arg>${campo}</arg>
<arg>${valor}</arg>
<kw name="Input Text" library="SeleniumLibrary">
<arg>//textarea[contains(text(),'${nome}')]/..//input[@id='${atributo}']</arg>
<arg>${valor}</arg>
<doc>Types the given ``text`` into the text field identified by ``locator``.</doc>
<msg timestamp="20221202 11:03:57.821" level="INFO">Typing text '10' into text field '//textarea[contains(text(),'Rosca Concentrada')]/..//input[@id='repeticoesFeitas']'.</msg>
<status status="PASS" starttime="20221202 11:03:57.820" endtime="20221202 11:03:58.861"/>
</kw>
<status status="PASS" starttime="20221202 11:03:57.819" endtime="20221202 11:03:58.861"/>
</kw>
<status status="PASS" starttime="20221202 11:03:57.819" endtime="20221202 11:03:58.861"/>
</kw>
<kw name="And save exercise Rosca Concentrada" sourcename="Save Exercise ${exercicio}">
<kw name="Save Exercise" library="resource">
<arg>${exercicio}</arg>
<kw name="Click Element" library="SeleniumLibrary">
<arg>//textarea[contains(text(),'${nome}')]/../..//button[contains(text(),'Salvar')]</arg>
<doc>Click the element identified by ``locator``.</doc>
<msg timestamp="20221202 11:03:58.864" level="INFO">Clicking element '//textarea[contains(text(),'Rosca Concentrada')]/../..//button[contains(text(),'Salvar')]'.</msg>
<status status="PASS" starttime="20221202 11:03:58.863" endtime="20221202 11:03:59.530"/>
</kw>
<kw name="Wait Until Element Is Visible" library="SeleniumLibrary">
<arg>//section[contains(@class,'sucess')]</arg>
<arg>2</arg>
<doc>Waits until the element ``locator`` is visible.</doc>
<status status="PASS" starttime="20221202 11:03:59.530" endtime="20221202 11:04:00.151"/>
</kw>
<kw name="Element Should Be Visible" library="SeleniumLibrary">
<arg>//section[contains(@class,'sucess')]</arg>
<arg>2</arg>
<doc>Verifies that the element identified by ``locator`` is visible.</doc>
<msg timestamp="20221202 11:04:00.776" level="INFO">Element '//section[contains(@class,'sucess')]' is displayed.</msg>
<status status="PASS" starttime="20221202 11:04:00.151" endtime="20221202 11:04:00.776"/>
</kw>
<status status="PASS" starttime="20221202 11:03:58.863" endtime="20221202 11:04:00.776"/>
</kw>
<status status="PASS" starttime="20221202 11:03:58.862" endtime="20221202 11:04:00.776"/>
</kw>
<kw name="And close modal">
<kw name="Wait Until Element Is Not Visible" library="SeleniumLibrary">
<arg>//section[contains(@class,'sucess')]</arg>
<arg>3</arg>
<doc>Waits until the element ``locator`` is not visible.</doc>
<status status="PASS" starttime="20221202 11:04:00.777" endtime="20221202 11:04:01.088"/>
</kw>
<kw name="Wait Until Element Is Enabled" library="SeleniumLibrary">
<arg>//div[@class='popup-container-elements']//button[contains(text(),'Fechar')]</arg>
<doc>Waits until the element ``locator`` is enabled.</doc>
<status status="PASS" starttime="20221202 11:04:01.088" endtime="20221202 11:04:02.050"/>
</kw>
<kw name="Click Button By Text" library="CustomLibraryTests">
<arg>Fechar</arg>
<status status="PASS" starttime="20221202 11:04:02.050" endtime="20221202 11:04:02.718"/>
</kw>
<kw name="Wait Until Element Is Not Visible" library="SeleniumLibrary">
<arg>//section[@id='modal-editar']</arg>
<doc>Waits until the element ``locator`` is not visible.</doc>
<status status="PASS" starttime="20221202 11:04:02.718" endtime="20221202 11:04:03.028"/>
</kw>
<status status="PASS" starttime="20221202 11:04:00.776" endtime="20221202 11:04:03.028"/>
</kw>
<kw name="Logoff" library="resource" type="TEARDOWN">
<kw name="Click Button By Text" library="CustomLibraryTests">
<arg>Sair</arg>
<status status="PASS" starttime="20221202 11:04:03.030" endtime="20221202 11:04:03.685"/>
</kw>
<status status="PASS" starttime="20221202 11:04:03.029" endtime="20221202 11:04:03.685"/>
</kw>
<status status="PASS" starttime="20221202 11:03:46.940" endtime="20221202 11:04:03.686"/>
</test>
<test id="s1-t3" name="Test Delete User" line="31">
<kw name="Given browser is opened to login page">
<kw name="Login Page Should Be Open" library="resource">
<kw name="Title Should Be" library="SeleniumLibrary">
<arg>Login</arg>
<doc>Verifies that the current page title equals ``title``.</doc>
<msg timestamp="20221202 11:04:04.014" level="INFO">Page title is 'Login'.</msg>
<status status="PASS" starttime="20221202 11:04:03.691" endtime="20221202 11:04:04.014"/>
</kw>
<status status="PASS" starttime="20221202 11:04:03.690" endtime="20221202 11:04:04.014"/>
</kw>
<status status="PASS" starttime="20221202 11:04:03.690" endtime="20221202 11:04:04.014"/>
</kw>
<kw name="When user &quot;${LOGIN ADM}&quot; logs in with password &quot;${PASSWORD ADM}&quot;" sourcename="User &quot;${username}&quot; logs in with password &quot;${password}&quot;">
<kw name="Input User Name" library="resource">
<arg>${username}</arg>
<kw name="Input Text" library="SeleniumLibrary">
<arg>usuario</arg>
<arg>${username}</arg>
<doc>Types the given ``text`` into the text field identified by ``locator``.</doc>
<msg timestamp="20221202 11:04:04.017" level="INFO">Typing text 'Matheus Scheffer' into text field 'usuario'.</msg>
<status status="PASS" starttime="20221202 11:04:04.016" endtime="20221202 11:04:05.073"/>
</kw>
<status status="PASS" starttime="20221202 11:04:04.016" endtime="20221202 11:04:05.073"/>
</kw>
<kw name="Input Password" library="resource">
<arg>${password}</arg>
<kw name="Input Text" library="SeleniumLibrary">
<arg>senha</arg>
<arg>${password}</arg>
<doc>Types the given ``text`` into the text field identified by ``locator``.</doc>
<msg timestamp="20221202 11:04:05.074" level="INFO">Typing text '123' into text field 'senha'.</msg>
<status status="PASS" starttime="20221202 11:04:05.074" endtime="20221202 11:04:06.083"/>
</kw>
<status status="PASS" starttime="20221202 11:04:05.073" endtime="20221202 11:04:06.083"/>
</kw>
<kw name="Submit Credentials" library="resource">
<arg>Logar</arg>
<kw name="Click Element" library="SeleniumLibrary">
<arg>//button[contains(text(),'${text}')]</arg>
<doc>Click the element identified by ``locator``.</doc>
<msg timestamp="20221202 11:04:06.084" level="INFO">Clicking element '//button[contains(text(),'Logar')]'.</msg>
<status status="PASS" starttime="20221202 11:04:06.084" endtime="20221202 11:04:06.738"/>
</kw>
<status status="PASS" starttime="20221202 11:04:06.083" endtime="20221202 11:04:06.738"/>
</kw>
<status status="PASS" starttime="20221202 11:04:04.015" endtime="20221202 11:04:06.738"/>
</kw>
<kw name="Then Delete User Usuario Teste" sourcename="Delete User ${user}">
<kw name="Click On Excluir Button" library="CustomLibraryTests">
<arg>${user}</arg>
<status status="PASS" starttime="20221202 11:04:06.740" endtime="20221202 11:04:07.414"/>
</kw>
<kw name="Wait Until Element Is Not Visible" library="SeleniumLibrary">
<arg>//li/span[contains(text(),'${user}')]</arg>
<doc>Waits until the element ``locator`` is not visible.</doc>
<status status="PASS" starttime="20221202 11:04:07.414" endtime="20221202 11:04:07.729"/>
</kw>
<status status="PASS" starttime="20221202 11:04:06.739" endtime="20221202 11:04:07.729"/>
</kw>
<kw name="Logoff" library="resource" type="TEARDOWN">
<kw name="Click Button By Text" library="CustomLibraryTests">
<arg>Sair</arg>
<status status="PASS" starttime="20221202 11:04:07.731" endtime="20221202 11:04:08.385"/>
</kw>
<status status="PASS" starttime="20221202 11:04:07.730" endtime="20221202 11:04:08.385"/>
</kw>
<status status="PASS" starttime="20221202 11:04:03.689" endtime="20221202 11:04:08.386"/>
</test>
<kw name="Close Browser" library="SeleniumLibrary" type="TEARDOWN">
<doc>Closes the current browser.</doc>
<status status="PASS" starttime="20221202 11:04:08.389" endtime="20221202 11:04:10.835"/>
</kw>
<status status="PASS" starttime="20221202 11:03:17.336" endtime="20221202 11:04:10.835"/>
</suite>
<statistics>
<total>
<stat pass="3" fail="0" skip="0">All Tests</stat>
</total>
<tag>
</tag>
<suite>
<stat pass="3" fail="0" skip="0" id="s1" name="Test Cases">Test Cases</stat>
</suite>
</statistics>
<errors>
</errors>
</robot>
