<?xml version="1.0" encoding="UTF-8"?>
<robot generator="Robot 5.0.1 (Python 3.9.1 on win32)" generated="20221125 21:28:51.163" rpa="false" schemaversion="3">
<suite id="s1" name="Test Cases" source="C:\Users\matheus.scheffer\Documents\projeto-desenvolvimento-II\Testes-Aceite\tests\test_cases.robot">
<kw name="Open Browser To Login Page" library="resource" type="SETUP">
<kw name="Open Browser" library="SeleniumLibrary">
<arg>${LOGIN URL}</arg>
<arg>${BROWSER}</arg>
<doc>Opens a new browser instance to the optional ``url``.</doc>
<msg timestamp="20221125 21:28:51.444" level="INFO">Opening browser 'chrome' to base url 'http://localhost:3001/login'.</msg>
<status status="PASS" starttime="20221125 21:28:51.443" endtime="20221125 21:28:53.555"/>
</kw>
<kw name="Maximize Browser Window" library="SeleniumLibrary">
<doc>Maximizes current browser window.</doc>
<status status="PASS" starttime="20221125 21:28:53.555" endtime="20221125 21:28:53.686"/>
</kw>
<kw name="Set Selenium Speed" library="SeleniumLibrary">
<arg>${DELAY}</arg>
<doc>Sets the delay that is waited after each Selenium command.</doc>
<status status="PASS" starttime="20221125 21:28:53.686" endtime="20221125 21:28:53.687"/>
</kw>
<kw name="Login Page Should Be Open" library="resource">
<kw name="Title Should Be" library="SeleniumLibrary">
<arg>Login</arg>
<doc>Verifies that the current page title equals ``title``.</doc>
<msg timestamp="20221125 21:28:53.808" level="INFO">Page title is 'Login'.</msg>
<status status="PASS" starttime="20221125 21:28:53.688" endtime="20221125 21:28:53.808"/>
</kw>
<status status="PASS" starttime="20221125 21:28:53.687" endtime="20221125 21:28:53.808"/>
</kw>
<status status="PASS" starttime="20221125 21:28:51.443" endtime="20221125 21:28:53.809"/>
</kw>
<test id="s1-t1" name="Test Create User" line="10">
<kw name="Given browser is opened to login page">
<kw name="Login Page Should Be Open" library="resource">
<kw name="Title Should Be" library="SeleniumLibrary">
<arg>Login</arg>
<doc>Verifies that the current page title equals ``title``.</doc>
<msg timestamp="20221125 21:28:53.949" level="INFO">Page title is 'Login'.</msg>
<status status="PASS" starttime="20221125 21:28:53.811" endtime="20221125 21:28:53.949"/>
</kw>
<status status="PASS" starttime="20221125 21:28:53.810" endtime="20221125 21:28:53.949"/>
</kw>
<status status="PASS" starttime="20221125 21:28:53.810" endtime="20221125 21:28:53.949"/>
</kw>
<kw name="When user &quot;${LOGIN ADM}&quot; logs in with password &quot;${PASSWORD ADM}&quot;" sourcename="User &quot;${username}&quot; logs in with password &quot;${password}&quot;">
<kw name="Input User Name" library="resource">
<arg>${username}</arg>
<kw name="Input Text" library="SeleniumLibrary">
<arg>usuario</arg>
<arg>${username}</arg>
<doc>Types the given ``text`` into the text field identified by ``locator``.</doc>
<msg timestamp="20221125 21:28:53.952" level="INFO">Typing text 'Matheus Scheffer' into text field 'usuario'.</msg>
<status status="PASS" starttime="20221125 21:28:53.952" endtime="20221125 21:28:54.419"/>
</kw>
<status status="PASS" starttime="20221125 21:28:53.951" endtime="20221125 21:28:54.419"/>
</kw>
<kw name="Input Password" library="resource">
<arg>${password}</arg>
<kw name="Input Text" library="SeleniumLibrary">
<arg>senha</arg>
<arg>${password}</arg>
<doc>Types the given ``text`` into the text field identified by ``locator``.</doc>
<msg timestamp="20221125 21:28:54.420" level="INFO">Typing text '123' into text field 'senha'.</msg>
<status status="PASS" starttime="20221125 21:28:54.420" endtime="20221125 21:28:54.841"/>
</kw>
<status status="PASS" starttime="20221125 21:28:54.419" endtime="20221125 21:28:54.841"/>
</kw>
<kw name="Submit Credentials" library="resource">
<arg>Logar</arg>
<kw name="Click Element" library="SeleniumLibrary">
<arg>//button[contains(text(),'${text}')]</arg>
<doc>Click the element identified by ``locator``.</doc>
<msg timestamp="20221125 21:28:54.842" level="INFO">Clicking element '//button[contains(text(),'Logar')]'.</msg>
<status status="PASS" starttime="20221125 21:28:54.841" endtime="20221125 21:28:55.109"/>
</kw>
<status status="PASS" starttime="20221125 21:28:54.841" endtime="20221125 21:28:55.109"/>
</kw>
<status status="PASS" starttime="20221125 21:28:53.951" endtime="20221125 21:28:55.109"/>
</kw>
<kw name="Then Create User">
<kw name="Write On Input Cadastro" library="resource">
<arg>nome</arg>
<arg>Usuario</arg>
<kw name="Write Text Input Cadastro" library="CustomLibraryTests">
<arg>${id}</arg>
<arg>${text}</arg>
<status status="PASS" starttime="20221125 21:28:55.113" endtime="20221125 21:28:55.442"/>
</kw>
<status status="PASS" starttime="20221125 21:28:55.112" endtime="20221125 21:28:55.442"/>
</kw>
<kw name="Write On Input Cadastro" library="resource">
<arg>sobrenome</arg>
<arg>Teste</arg>
<kw name="Write Text Input Cadastro" library="CustomLibraryTests">
<arg>${id}</arg>
<arg>${text}</arg>
<status status="PASS" starttime="20221125 21:28:55.443" endtime="20221125 21:28:55.741"/>
</kw>
<status status="PASS" starttime="20221125 21:28:55.442" endtime="20221125 21:28:55.741"/>
</kw>
<kw name="Write On Input Cadastro" library="resource">
<arg>idade</arg>
<arg>26</arg>
<kw name="Write Text Input Cadastro" library="CustomLibraryTests">
<arg>${id}</arg>
<arg>${text}</arg>
<status status="PASS" starttime="20221125 21:28:55.741" endtime="20221125 21:28:56.022"/>
</kw>
<status status="PASS" starttime="20221125 21:28:55.741" endtime="20221125 21:28:56.022"/>
</kw>
<kw name="Write On Input Cadastro" library="resource">
<arg>peso</arg>
<arg>80</arg>
<kw name="Write Text Input Cadastro" library="CustomLibraryTests">
<arg>${id}</arg>
<arg>${text}</arg>
<status status="PASS" starttime="20221125 21:28:56.023" endtime="20221125 21:28:56.321"/>
</kw>
<status status="PASS" starttime="20221125 21:28:56.022" endtime="20221125 21:28:56.321"/>
</kw>
<kw name="Write On Input Cadastro" library="resource">
<arg>objetivo</arg>
<arg>ganho</arg>
<kw name="Write Text Input Cadastro" library="CustomLibraryTests">
<arg>${id}</arg>
<arg>${text}</arg>
<status status="PASS" starttime="20221125 21:28:56.322" endtime="20221125 21:28:56.621"/>
</kw>
<status status="PASS" starttime="20221125 21:28:56.321" endtime="20221125 21:28:56.621"/>
</kw>
<kw name="Write On Input Cadastro" library="resource">
<arg>whatsapp</arg>
<arg>997856303</arg>
<kw name="Write Text Input Cadastro" library="CustomLibraryTests">
<arg>${id}</arg>
<arg>${text}</arg>
<status status="PASS" starttime="20221125 21:28:56.622" endtime="20221125 21:28:56.955"/>
</kw>
<status status="PASS" starttime="20221125 21:28:56.621" endtime="20221125 21:28:56.955"/>
</kw>
<kw name="Write On Input Cadastro" library="resource">
<arg>role</arg>
<arg>USER</arg>
<kw name="Write Text Input Cadastro" library="CustomLibraryTests">
<arg>${id}</arg>
<arg>${text}</arg>
<status status="PASS" starttime="20221125 21:28:56.956" endtime="20221125 21:28:57.271"/>
</kw>
<status status="PASS" starttime="20221125 21:28:56.955" endtime="20221125 21:28:57.271"/>
</kw>
<kw name="Submit Credentials" library="resource">
<arg>Cadastrar</arg>
<kw name="Click Element" library="SeleniumLibrary">
<arg>//button[contains(text(),'${text}')]</arg>
<doc>Click the element identified by ``locator``.</doc>
<msg timestamp="20221125 21:28:57.272" level="INFO">Clicking element '//button[contains(text(),'Cadastrar')]'.</msg>
<status status="PASS" starttime="20221125 21:28:57.272" endtime="20221125 21:28:57.573"/>
</kw>
<status status="PASS" starttime="20221125 21:28:57.271" endtime="20221125 21:28:57.573"/>
</kw>
<status status="PASS" starttime="20221125 21:28:55.111" endtime="20221125 21:28:57.574"/>
</kw>
<kw name="Verify Success Message" library="resource">
<kw name="Wait Until Element Is Visible" library="SeleniumLibrary">
<arg>//section[contains(@class,'sucess')]</arg>
<arg>2</arg>
<doc>Waits until the element ``locator`` is visible.</doc>
<status status="PASS" starttime="20221125 21:28:57.576" endtime="20221125 21:28:57.841"/>
</kw>
<status status="PASS" starttime="20221125 21:28:57.575" endtime="20221125 21:28:57.841"/>
</kw>
<kw name="And add rotina">
<kw name="Click On Editar" library="resource">
<arg>Usuario Teste</arg>
<kw name="Click On Editar Button" library="CustomLibraryTests">
<arg>${username}</arg>
<status status="PASS" starttime="20221125 21:28:57.843" endtime="20221125 21:28:58.140"/>
</kw>
<status status="PASS" starttime="20221125 21:28:57.843" endtime="20221125 21:28:58.140"/>
</kw>
<kw name="Wait Until Element Is Visible" library="SeleniumLibrary">
<arg>//div[contains(@class,'card-adicionar-rotina')]</arg>
<doc>Waits until the element ``locator`` is visible.</doc>
<status status="PASS" starttime="20221125 21:28:58.140" endtime="20221125 21:28:58.394"/>
</kw>
<kw name="Add Rotina Card" library="resource">
<arg>Segunda</arg>
<kw name="Click Card Add Rotina" library="CustomLibraryTests">
<status status="PASS" starttime="20221125 21:28:58.395" endtime="20221125 21:28:58.673"/>
</kw>
<kw name="Input Text" library="SeleniumLibrary">
<arg>dia</arg>
<arg>${dia}</arg>
<doc>Types the given ``text`` into the text field identified by ``locator``.</doc>
<msg timestamp="20221125 21:28:58.674" level="INFO">Typing text 'Segunda' into text field 'dia'.</msg>
<status status="PASS" starttime="20221125 21:28:58.673" endtime="20221125 21:28:59.114"/>
</kw>
<kw name="Click Button By Text" library="CustomLibraryTests">
<arg>Salvar</arg>
<status status="PASS" starttime="20221125 21:28:59.114" endtime="20221125 21:28:59.382"/>
</kw>
<kw name="Wait Until Element Is Visible" library="SeleniumLibrary">
<arg>//div[@class='card-rotina-container']//a[contains(text(),'${dia}')]</arg>
<arg>2</arg>
<doc>Waits until the element ``locator`` is visible.</doc>
<status status="PASS" starttime="20221125 21:28:59.382" endtime="20221125 21:28:59.633"/>
</kw>
<status status="PASS" starttime="20221125 21:28:58.394" endtime="20221125 21:28:59.633"/>
</kw>
<kw name="Click Rotina" library="CustomLibraryTests">
<arg>Segunda</arg>
<status status="PASS" starttime="20221125 21:28:59.633" endtime="20221125 21:28:59.903"/>
</kw>
<kw name="Wait Until Element Is Visible" library="SeleniumLibrary">
<arg>//section[@id='modal-editar']</arg>
<arg>2</arg>
<doc>Waits until the element ``locator`` is visible.</doc>
<status status="PASS" starttime="20221125 21:28:59.903" endtime="20221125 21:29:00.153"/>
</kw>
<kw name="Add Treino" library="resource">
<arg>Rosca Direta</arg>
<arg>0</arg>
<arg>4</arg>
<arg>12</arg>
<kw name="Wait Until Element Is Visible" library="SeleniumLibrary">
<arg>//div[@class='card-adicionar-exercicio']</arg>
<doc>Waits until the element ``locator`` is visible.</doc>
<status status="PASS" starttime="20221125 21:29:00.154" endtime="20221125 21:29:00.406"/>
</kw>
<kw name="Click Add Exercicio" library="CustomLibraryTests">
<status status="PASS" starttime="20221125 21:29:00.406" endtime="20221125 21:29:00.661"/>
</kw>
<kw name="Write Nome Exercicio" library="CustomLibraryTests">
<arg>${nome}</arg>
<arg>${index}</arg>
<status status="PASS" starttime="20221125 21:29:00.661" endtime="20221125 21:29:00.993"/>
</kw>
<kw name="Write Input Exercicio" library="CustomLibraryTests">
<arg>series</arg>
<arg>${serie}</arg>
<status status="PASS" starttime="20221125 21:29:00.993" endtime="20221125 21:29:01.291"/>
</kw>
<kw name="Write Input Exercicio" library="CustomLibraryTests">
<arg>repeticoes</arg>
<arg>${repeticoes}</arg>
<status status="PASS" starttime="20221125 21:29:01.291" endtime="20221125 21:29:01.590"/>
</kw>
<kw name="Click Button By Text And Index" library="CustomLibraryTests">
<arg>Salvar</arg>
<arg>${index}</arg>
<status status="PASS" starttime="20221125 21:29:01.590" endtime="20221125 21:29:01.868"/>
</kw>
<status status="PASS" starttime="20221125 21:29:00.153" endtime="20221125 21:29:01.868"/>
</kw>
<kw name="Add Treino" library="resource">
<arg>Rosca Concentrada</arg>
<arg>1</arg>
<arg>4</arg>
<arg>12</arg>
<kw name="Wait Until Element Is Visible" library="SeleniumLibrary">
<arg>//div[@class='card-adicionar-exercicio']</arg>
<doc>Waits until the element ``locator`` is visible.</doc>
<status status="PASS" starttime="20221125 21:29:01.869" endtime="20221125 21:29:02.121"/>
</kw>
<kw name="Click Add Exercicio" library="CustomLibraryTests">
<status status="PASS" starttime="20221125 21:29:02.121" endtime="20221125 21:29:02.387"/>
</kw>
<kw name="Write Nome Exercicio" library="CustomLibraryTests">
<arg>${nome}</arg>
<arg>${index}</arg>
<status status="PASS" starttime="20221125 21:29:02.387" endtime="20221125 21:29:02.698"/>
</kw>
<kw name="Write Input Exercicio" library="CustomLibraryTests">
<arg>series</arg>
<arg>${serie}</arg>
<status status="PASS" starttime="20221125 21:29:02.698" endtime="20221125 21:29:02.965"/>
</kw>
<kw name="Write Input Exercicio" library="CustomLibraryTests">
<arg>repeticoes</arg>
<arg>${repeticoes}</arg>
<status status="PASS" starttime="20221125 21:29:02.965" endtime="20221125 21:29:03.249"/>
</kw>
<kw name="Click Button By Text And Index" library="CustomLibraryTests">
<arg>Salvar</arg>
<arg>${index}</arg>
<status status="PASS" starttime="20221125 21:29:03.249" endtime="20221125 21:29:03.502"/>
</kw>
<status status="PASS" starttime="20221125 21:29:01.868" endtime="20221125 21:29:03.502"/>
</kw>
<kw name="Click Button By Text" library="CustomLibraryTests">
<arg>Fechar</arg>
<status status="PASS" starttime="20221125 21:29:03.502" endtime="20221125 21:29:03.767"/>
</kw>
<kw name="Title Should Be" library="SeleniumLibrary">
<arg>Editar Usuario</arg>
<doc>Verifies that the current page title equals ``title``.</doc>
<msg timestamp="20221125 21:29:03.874" level="INFO">Page title is 'Editar Usuario'.</msg>
<status status="PASS" starttime="20221125 21:29:03.767" endtime="20221125 21:29:03.874"/>
</kw>
<status status="PASS" starttime="20221125 21:28:57.842" endtime="20221125 21:29:03.874"/>
</kw>
<kw name="Logoff" library="resource" type="TEARDOWN">
<kw name="Click Button By Text" library="CustomLibraryTests">
<arg>Sair</arg>
<status status="PASS" starttime="20221125 21:29:03.876" endtime="20221125 21:29:04.141"/>
</kw>
<status status="PASS" starttime="20221125 21:29:03.875" endtime="20221125 21:29:04.141"/>
</kw>
<status status="PASS" starttime="20221125 21:28:53.809" endtime="20221125 21:29:04.142"/>
</test>
<test id="s1-t2" name="Test User Verify Routine" line="17">
<kw name="Given browser is opened to login page">
<kw name="Login Page Should Be Open" library="resource">
<kw name="Title Should Be" library="SeleniumLibrary">
<arg>Login</arg>
<doc>Verifies that the current page title equals ``title``.</doc>
<msg timestamp="20221125 21:29:04.265" level="INFO">Page title is 'Login'.</msg>
<status status="PASS" starttime="20221125 21:29:04.146" endtime="20221125 21:29:04.265"/>
</kw>
<status status="PASS" starttime="20221125 21:29:04.146" endtime="20221125 21:29:04.265"/>
</kw>
<status status="PASS" starttime="20221125 21:29:04.145" endtime="20221125 21:29:04.265"/>
</kw>
<kw name="When user &quot;${LOGIN USER}&quot; logs in with password &quot;${PASSWORD USER}&quot;" sourcename="User &quot;${username}&quot; logs in with password &quot;${password}&quot;">
<kw name="Input User Name" library="resource">
<arg>${username}</arg>
<kw name="Input Text" library="SeleniumLibrary">
<arg>usuario</arg>
<arg>${username}</arg>
<doc>Types the given ``text`` into the text field identified by ``locator``.</doc>
<msg timestamp="20221125 21:29:04.267" level="INFO">Typing text 'Usuario Teste' into text field 'usuario'.</msg>
<status status="PASS" starttime="20221125 21:29:04.267" endtime="20221125 21:29:04.706"/>
</kw>
<status status="PASS" starttime="20221125 21:29:04.267" endtime="20221125 21:29:04.706"/>
</kw>
<kw name="Input Password" library="resource">
<arg>${password}</arg>
<kw name="Input Text" library="SeleniumLibrary">
<arg>senha</arg>
<arg>${password}</arg>
<doc>Types the given ``text`` into the text field identified by ``locator``.</doc>
<msg timestamp="20221125 21:29:04.707" level="INFO">Typing text 'usuario.teste' into text field 'senha'.</msg>
<status status="PASS" starttime="20221125 21:29:04.706" endtime="20221125 21:29:05.130"/>
</kw>
<status status="PASS" starttime="20221125 21:29:04.706" endtime="20221125 21:29:05.130"/>
</kw>
<kw name="Submit Credentials" library="resource">
<arg>Logar</arg>
<kw name="Click Element" library="SeleniumLibrary">
<arg>//button[contains(text(),'${text}')]</arg>
<doc>Click the element identified by ``locator``.</doc>
<msg timestamp="20221125 21:29:05.131" level="INFO">Clicking element '//button[contains(text(),'Logar')]'.</msg>
<status status="PASS" starttime="20221125 21:29:05.131" endtime="20221125 21:29:05.381"/>
</kw>
<status status="PASS" starttime="20221125 21:29:05.130" endtime="20221125 21:29:05.381"/>
</kw>
<status status="PASS" starttime="20221125 21:29:04.266" endtime="20221125 21:29:05.381"/>
</kw>
<kw name="And select routine Segunda" sourcename="Select Routine ${dia}">
<kw name="Click Element" library="SeleniumLibrary">
<arg>//div[contains(@class,'card-rotina-container')]//a[text()='${dia}']</arg>
<doc>Click the element identified by ``locator``.</doc>
<msg timestamp="20221125 21:29:05.384" level="INFO">Clicking element '//div[contains(@class,'card-rotina-container')]//a[text()='Segunda']'.</msg>
<status status="PASS" starttime="20221125 21:29:05.383" endtime="20221125 21:29:05.662"/>
</kw>
<status status="PASS" starttime="20221125 21:29:05.382" endtime="20221125 21:29:05.662"/>
</kw>
<kw name="Then edit field carga Of Exercise Rosca Direta With Value 10" sourcename="Edit Field ${campo} Of Exercise ${nome} With Value ${valor}">
<kw name="Type Edit Input" library="resource">
<arg>${nome}</arg>
<arg>${campo}</arg>
<arg>${valor}</arg>
<kw name="Input Text" library="SeleniumLibrary">
<arg>//textarea[contains(text(),'${nome}')]/..//input[@id='${atributo}']</arg>
<arg>${valor}</arg>
<doc>Types the given ``text`` into the text field identified by ``locator``.</doc>
<msg timestamp="20221125 21:29:05.664" level="INFO">Typing text '10' into text field '//textarea[contains(text(),'Rosca Direta')]/..//input[@id='carga']'.</msg>
<status status="PASS" starttime="20221125 21:29:05.664" endtime="20221125 21:29:06.087"/>
</kw>
<status status="PASS" starttime="20221125 21:29:05.664" endtime="20221125 21:29:06.087"/>
</kw>
<status status="PASS" starttime="20221125 21:29:05.663" endtime="20221125 21:29:06.087"/>
</kw>
<kw name="And edit field cargaAlcancada Of Exercise Rosca Direta With Value 10" sourcename="Edit Field ${campo} Of Exercise ${nome} With Value ${valor}">
<kw name="Type Edit Input" library="resource">
<arg>${nome}</arg>
<arg>${campo}</arg>
<arg>${valor}</arg>
<kw name="Input Text" library="SeleniumLibrary">
<arg>//textarea[contains(text(),'${nome}')]/..//input[@id='${atributo}']</arg>
<arg>${valor}</arg>
<doc>Types the given ``text`` into the text field identified by ``locator``.</doc>
<msg timestamp="20221125 21:29:06.090" level="INFO">Typing text '10' into text field '//textarea[contains(text(),'Rosca Direta')]/..//input[@id='cargaAlcancada']'.</msg>
<status status="PASS" starttime="20221125 21:29:06.089" endtime="20221125 21:29:06.509"/>
</kw>
<status status="PASS" starttime="20221125 21:29:06.089" endtime="20221125 21:29:06.509"/>
</kw>
<status status="PASS" starttime="20221125 21:29:06.088" endtime="20221125 21:29:06.509"/>
</kw>
<kw name="And edit field repeticoesFeitas Of Exercise Rosca Direta With Value 10" sourcename="Edit Field ${campo} Of Exercise ${nome} With Value ${valor}">
<kw name="Type Edit Input" library="resource">
<arg>${nome}</arg>
<arg>${campo}</arg>
<arg>${valor}</arg>
<kw name="Input Text" library="SeleniumLibrary">
<arg>//textarea[contains(text(),'${nome}')]/..//input[@id='${atributo}']</arg>
<arg>${valor}</arg>
<doc>Types the given ``text`` into the text field identified by ``locator``.</doc>
<msg timestamp="20221125 21:29:06.512" level="INFO">Typing text '10' into text field '//textarea[contains(text(),'Rosca Direta')]/..//input[@id='repeticoesFeitas']'.</msg>
<status status="PASS" starttime="20221125 21:29:06.511" endtime="20221125 21:29:06.949"/>
</kw>
<status status="PASS" starttime="20221125 21:29:06.511" endtime="20221125 21:29:06.949"/>
</kw>
<status status="PASS" starttime="20221125 21:29:06.510" endtime="20221125 21:29:06.949"/>
</kw>
<kw name="And save exercise Rosca Direta" sourcename="Save Exercise ${exercicio}">
<kw name="Save Exercise" library="resource">
<arg>${exercicio}</arg>
<kw name="Click Element" library="SeleniumLibrary">
<arg>//textarea[contains(text(),'${nome}')]/../..//button[contains(text(),'Salvar')]</arg>
<doc>Click the element identified by ``locator``.</doc>
<msg timestamp="20221125 21:29:06.952" level="INFO">Clicking element '//textarea[contains(text(),'Rosca Direta')]/../..//button[contains(text(),'Salvar')]'.</msg>
<status status="PASS" starttime="20221125 21:29:06.952" endtime="20221125 21:29:07.215"/>
</kw>
<kw name="Wait Until Element Is Visible" library="SeleniumLibrary">
<arg>//section[contains(@class,'sucess')]</arg>
<arg>2</arg>
<doc>Waits until the element ``locator`` is visible.</doc>
<status status="PASS" starttime="20221125 21:29:07.215" endtime="20221125 21:29:07.439"/>
</kw>
<kw name="Element Should Be Visible" library="SeleniumLibrary">
<arg>//section[contains(@class,'sucess')]</arg>
<arg>2</arg>
<doc>Verifies that the element identified by ``locator`` is visible.</doc>
<msg timestamp="20221125 21:29:07.674" level="INFO">Element '//section[contains(@class,'sucess')]' is displayed.</msg>
<status status="PASS" starttime="20221125 21:29:07.439" endtime="20221125 21:29:07.674"/>
</kw>
<status status="PASS" starttime="20221125 21:29:06.951" endtime="20221125 21:29:07.674"/>
</kw>
<status status="PASS" starttime="20221125 21:29:06.951" endtime="20221125 21:29:07.674"/>
</kw>
<kw name="And edit field carga Of Exercise Rosca Concentrada With Value 10" sourcename="Edit Field ${campo} Of Exercise ${nome} With Value ${valor}">
<kw name="Type Edit Input" library="resource">
<arg>${nome}</arg>
<arg>${campo}</arg>
<arg>${valor}</arg>
<kw name="Input Text" library="SeleniumLibrary">
<arg>//textarea[contains(text(),'${nome}')]/..//input[@id='${atributo}']</arg>
<arg>${valor}</arg>
<doc>Types the given ``text`` into the text field identified by ``locator``.</doc>
<msg timestamp="20221125 21:29:07.677" level="INFO">Typing text '10' into text field '//textarea[contains(text(),'Rosca Concentrada')]/..//input[@id='carga']'.</msg>
<status status="PASS" starttime="20221125 21:29:07.676" endtime="20221125 21:29:08.098"/>
</kw>
<status status="PASS" starttime="20221125 21:29:07.676" endtime="20221125 21:29:08.098"/>
</kw>
<status status="PASS" starttime="20221125 21:29:07.675" endtime="20221125 21:29:08.098"/>
</kw>
<kw name="And edit field cargaAlcancada Of Exercise Rosca Concentrada With Value 10" sourcename="Edit Field ${campo} Of Exercise ${nome} With Value ${valor}">
<kw name="Type Edit Input" library="resource">
<arg>${nome}</arg>
<arg>${campo}</arg>
<arg>${valor}</arg>
<kw name="Input Text" library="SeleniumLibrary">
<arg>//textarea[contains(text(),'${nome}')]/..//input[@id='${atributo}']</arg>
<arg>${valor}</arg>
<doc>Types the given ``text`` into the text field identified by ``locator``.</doc>
<msg timestamp="20221125 21:29:08.100" level="INFO">Typing text '10' into text field '//textarea[contains(text(),'Rosca Concentrada')]/..//input[@id='cargaAlcancada']'.</msg>
<status status="PASS" starttime="20221125 21:29:08.100" endtime="20221125 21:29:08.528"/>
</kw>
<status status="PASS" starttime="20221125 21:29:08.099" endtime="20221125 21:29:08.528"/>
</kw>
<status status="PASS" starttime="20221125 21:29:08.099" endtime="20221125 21:29:08.528"/>
</kw>
<kw name="And edit field repeticoesFeitas Of Exercise Rosca Concentrada With Value 10" sourcename="Edit Field ${campo} Of Exercise ${nome} With Value ${valor}">
<kw name="Type Edit Input" library="resource">
<arg>${nome}</arg>
<arg>${campo}</arg>
<arg>${valor}</arg>
<kw name="Input Text" library="SeleniumLibrary">
<arg>//textarea[contains(text(),'${nome}')]/..//input[@id='${atributo}']</arg>
<arg>${valor}</arg>
<doc>Types the given ``text`` into the text field identified by ``locator``.</doc>
<msg timestamp="20221125 21:29:08.531" level="INFO">Typing text '10' into text field '//textarea[contains(text(),'Rosca Concentrada')]/..//input[@id='repeticoesFeitas']'.</msg>
<status status="PASS" starttime="20221125 21:29:08.530" endtime="20221125 21:29:08.965"/>
</kw>
<status status="PASS" starttime="20221125 21:29:08.530" endtime="20221125 21:29:08.965"/>
</kw>
<status status="PASS" starttime="20221125 21:29:08.529" endtime="20221125 21:29:08.965"/>
</kw>
<kw name="And save exercise Rosca Concentrada" sourcename="Save Exercise ${exercicio}">
<kw name="Save Exercise" library="resource">
<arg>${exercicio}</arg>
<kw name="Click Element" library="SeleniumLibrary">
<arg>//textarea[contains(text(),'${nome}')]/../..//button[contains(text(),'Salvar')]</arg>
<doc>Click the element identified by ``locator``.</doc>
<msg timestamp="20221125 21:29:08.968" level="INFO">Clicking element '//textarea[contains(text(),'Rosca Concentrada')]/../..//button[contains(text(),'Salvar')]'.</msg>
<status status="PASS" starttime="20221125 21:29:08.967" endtime="20221125 21:29:09.229"/>
</kw>
<kw name="Wait Until Element Is Visible" library="SeleniumLibrary">
<arg>//section[contains(@class,'sucess')]</arg>
<arg>2</arg>
<doc>Waits until the element ``locator`` is visible.</doc>
<status status="PASS" starttime="20221125 21:29:09.229" endtime="20221125 21:29:09.450"/>
</kw>
<kw name="Element Should Be Visible" library="SeleniumLibrary">
<arg>//section[contains(@class,'sucess')]</arg>
<arg>2</arg>
<doc>Verifies that the element identified by ``locator`` is visible.</doc>
<msg timestamp="20221125 21:29:09.669" level="INFO">Element '//section[contains(@class,'sucess')]' is displayed.</msg>
<status status="PASS" starttime="20221125 21:29:09.450" endtime="20221125 21:29:09.669"/>
</kw>
<status status="PASS" starttime="20221125 21:29:08.967" endtime="20221125 21:29:09.669"/>
</kw>
<status status="PASS" starttime="20221125 21:29:08.966" endtime="20221125 21:29:09.669"/>
</kw>
<kw name="And close modal">
<kw name="Wait Until Element Is Not Visible" library="SeleniumLibrary">
<arg>//section[contains(@class,'sucess')]</arg>
<arg>3</arg>
<doc>Waits until the element ``locator`` is not visible.</doc>
<msg timestamp="20221125 21:29:10.656" level="INFO">Suppressing StaleElementReferenceException from Selenium.</msg>
<status status="PASS" starttime="20221125 21:29:09.671" endtime="20221125 21:29:10.978"/>
</kw>
<kw name="Wait Until Element Is Enabled" library="SeleniumLibrary">
<arg>//div[@class='popup-container-elements']//button[contains(text(),'Fechar')]</arg>
<doc>Waits until the element ``locator`` is enabled.</doc>
<status status="PASS" starttime="20221125 21:29:10.978" endtime="20221125 21:29:11.342"/>
</kw>
<kw name="Click Button By Text" library="CustomLibraryTests">
<arg>Fechar</arg>
<status status="PASS" starttime="20221125 21:29:11.343" endtime="20221125 21:29:11.592"/>
</kw>
<kw name="Wait Until Element Is Not Visible" library="SeleniumLibrary">
<arg>//section[@id='modal-editar']</arg>
<doc>Waits until the element ``locator`` is not visible.</doc>
<status status="PASS" starttime="20221125 21:29:11.592" endtime="20221125 21:29:11.701"/>
</kw>
<status status="PASS" starttime="20221125 21:29:09.670" endtime="20221125 21:29:11.701"/>
</kw>
<kw name="Logoff" library="resource" type="TEARDOWN">
<kw name="Click Button By Text" library="CustomLibraryTests">
<arg>Sair</arg>
<status status="PASS" starttime="20221125 21:29:11.703" endtime="20221125 21:29:11.982"/>
</kw>
<status status="PASS" starttime="20221125 21:29:11.702" endtime="20221125 21:29:11.982"/>
</kw>
<status status="PASS" starttime="20221125 21:29:04.144" endtime="20221125 21:29:11.983"/>
</test>
<test id="s1-t3" name="Test Delete User" line="31">
<kw name="Given browser is opened to login page">
<kw name="Login Page Should Be Open" library="resource">
<kw name="Title Should Be" library="SeleniumLibrary">
<arg>Login</arg>
<doc>Verifies that the current page title equals ``title``.</doc>
<msg timestamp="20221125 21:29:12.108" level="INFO">Page title is 'Login'.</msg>
<status status="PASS" starttime="20221125 21:29:11.988" endtime="20221125 21:29:12.108"/>
</kw>
<status status="PASS" starttime="20221125 21:29:11.987" endtime="20221125 21:29:12.108"/>
</kw>
<status status="PASS" starttime="20221125 21:29:11.987" endtime="20221125 21:29:12.108"/>
</kw>
<kw name="When user &quot;${LOGIN ADM}&quot; logs in with password &quot;${PASSWORD ADM}&quot;" sourcename="User &quot;${username}&quot; logs in with password &quot;${password}&quot;">
<kw name="Input User Name" library="resource">
<arg>${username}</arg>
<kw name="Input Text" library="SeleniumLibrary">
<arg>usuario</arg>
<arg>${username}</arg>
<doc>Types the given ``text`` into the text field identified by ``locator``.</doc>
<msg timestamp="20221125 21:29:12.110" level="INFO">Typing text 'Matheus Scheffer' into text field 'usuario'.</msg>
<status status="PASS" starttime="20221125 21:29:12.110" endtime="20221125 21:29:12.549"/>
</kw>
<status status="PASS" starttime="20221125 21:29:12.109" endtime="20221125 21:29:12.549"/>
</kw>
<kw name="Input Password" library="resource">
<arg>${password}</arg>
<kw name="Input Text" library="SeleniumLibrary">
<arg>senha</arg>
<arg>${password}</arg>
<doc>Types the given ``text`` into the text field identified by ``locator``.</doc>
<msg timestamp="20221125 21:29:12.550" level="INFO">Typing text '123' into text field 'senha'.</msg>
<status status="PASS" starttime="20221125 21:29:12.550" endtime="20221125 21:29:12.957"/>
</kw>
<status status="PASS" starttime="20221125 21:29:12.549" endtime="20221125 21:29:12.957"/>
</kw>
<kw name="Submit Credentials" library="resource">
<arg>Logar</arg>
<kw name="Click Element" library="SeleniumLibrary">
<arg>//button[contains(text(),'${text}')]</arg>
<doc>Click the element identified by ``locator``.</doc>
<msg timestamp="20221125 21:29:12.958" level="INFO">Clicking element '//button[contains(text(),'Logar')]'.</msg>
<status status="PASS" starttime="20221125 21:29:12.957" endtime="20221125 21:29:13.210"/>
</kw>
<status status="PASS" starttime="20221125 21:29:12.957" endtime="20221125 21:29:13.210"/>
</kw>
<status status="PASS" starttime="20221125 21:29:12.108" endtime="20221125 21:29:13.211"/>
</kw>
<kw name="Then Delete User Usuario Teste" sourcename="Delete User ${user}">
<kw name="Click On Excluir Button" library="CustomLibraryTests">
<arg>${user}</arg>
<status status="PASS" starttime="20221125 21:29:13.213" endtime="20221125 21:29:13.476"/>
</kw>
<kw name="Wait Until Element Is Not Visible" library="SeleniumLibrary">
<arg>//li/span[contains(text(),'${user}')]</arg>
<doc>Waits until the element ``locator`` is not visible.</doc>
<status status="PASS" starttime="20221125 21:29:13.476" endtime="20221125 21:29:13.601"/>
</kw>
<status status="PASS" starttime="20221125 21:29:13.212" endtime="20221125 21:29:13.601"/>
</kw>
<kw name="Logoff" library="resource" type="TEARDOWN">
<kw name="Click Button By Text" library="CustomLibraryTests">
<arg>Sair</arg>
<status status="PASS" starttime="20221125 21:29:13.602" endtime="20221125 21:29:13.868"/>
</kw>
<status status="PASS" starttime="20221125 21:29:13.602" endtime="20221125 21:29:13.868"/>
</kw>
<status status="PASS" starttime="20221125 21:29:11.985" endtime="20221125 21:29:13.868"/>
</test>
<kw name="Close Browser" library="SeleniumLibrary" type="TEARDOWN">
<doc>Closes the current browser.</doc>
<status status="PASS" starttime="20221125 21:29:13.871" endtime="20221125 21:29:16.170"/>
</kw>
<status status="PASS" starttime="20221125 21:28:51.165" endtime="20221125 21:29:16.170"/>
</suite>
<statistics>
<total>
<stat pass="3" fail="0" skip="0">All Tests</stat>
</total>
<tag>
</tag>
<suite>
<stat pass="3" fail="0" skip="0" id="s1" name="Test Cases">Test Cases</stat>
</suite>
</statistics>
<errors>
</errors>
</robot>
