<?xml version="1.0" encoding="UTF-8"?>
<robot generator="Robot 5.0.1 (Python 3.9.1 on win32)" generated="20221128 23:15:47.037" rpa="false" schemaversion="3">
<suite id="s1" name="Test Cases" source="C:\Users\matheus.scheffer\Documents\projeto-desenvolvimento-II\Testes-Aceite\tests\test_cases.robot">
<kw name="Open Browser To Login Page" library="resource" type="SETUP">
<kw name="Open Browser" library="SeleniumLibrary">
<arg>${LOGIN URL}</arg>
<arg>${BROWSER}</arg>
<doc>Opens a new browser instance to the optional ``url``.</doc>
<msg timestamp="20221128 23:15:47.326" level="INFO">Opening browser 'chrome' to base url 'http://localhost:3001/login'.</msg>
<status status="PASS" starttime="20221128 23:15:47.325" endtime="20221128 23:15:49.460"/>
</kw>
<kw name="Maximize Browser Window" library="SeleniumLibrary">
<doc>Maximizes current browser window.</doc>
<status status="PASS" starttime="20221128 23:15:49.460" endtime="20221128 23:15:49.591"/>
</kw>
<kw name="Set Selenium Speed" library="SeleniumLibrary">
<arg>${DELAY}</arg>
<doc>Sets the delay that is waited after each Selenium command.</doc>
<status status="PASS" starttime="20221128 23:15:49.591" endtime="20221128 23:15:49.592"/>
</kw>
<kw name="Login Page Should Be Open" library="resource">
<kw name="Title Should Be" library="SeleniumLibrary">
<arg>Login</arg>
<doc>Verifies that the current page title equals ``title``.</doc>
<msg timestamp="20221128 23:15:49.900" level="INFO">Page title is 'Login'.</msg>
<status status="PASS" starttime="20221128 23:15:49.592" endtime="20221128 23:15:49.900"/>
</kw>
<status status="PASS" starttime="20221128 23:15:49.592" endtime="20221128 23:15:49.900"/>
</kw>
<status status="PASS" starttime="20221128 23:15:47.325" endtime="20221128 23:15:49.900"/>
</kw>
<test id="s1-t1" name="Test Create User" line="10">
<kw name="Given browser is opened to login page">
<kw name="Login Page Should Be Open" library="resource">
<kw name="Title Should Be" library="SeleniumLibrary">
<arg>Login</arg>
<doc>Verifies that the current page title equals ``title``.</doc>
<msg timestamp="20221128 23:15:50.211" level="INFO">Page title is 'Login'.</msg>
<status status="PASS" starttime="20221128 23:15:49.902" endtime="20221128 23:15:50.211"/>
</kw>
<status status="PASS" starttime="20221128 23:15:49.902" endtime="20221128 23:15:50.212"/>
</kw>
<status status="PASS" starttime="20221128 23:15:49.901" endtime="20221128 23:15:50.212"/>
</kw>
<kw name="When user &quot;${LOGIN ADM}&quot; logs in with password &quot;${PASSWORD ADM}&quot;" sourcename="User &quot;${username}&quot; logs in with password &quot;${password}&quot;">
<kw name="Input User Name" library="resource">
<arg>${username}</arg>
<kw name="Input Text" library="SeleniumLibrary">
<arg>usuario</arg>
<arg>${username}</arg>
<doc>Types the given ``text`` into the text field identified by ``locator``.</doc>
<msg timestamp="20221128 23:15:50.215" level="INFO">Typing text 'Matheus Scheffer' into text field 'usuario'.</msg>
<status status="PASS" starttime="20221128 23:15:50.214" endtime="20221128 23:15:51.252"/>
</kw>
<status status="PASS" starttime="20221128 23:15:50.214" endtime="20221128 23:15:51.252"/>
</kw>
<kw name="Input Password" library="resource">
<arg>${password}</arg>
<kw name="Input Text" library="SeleniumLibrary">
<arg>senha</arg>
<arg>${password}</arg>
<doc>Types the given ``text`` into the text field identified by ``locator``.</doc>
<msg timestamp="20221128 23:15:51.253" level="INFO">Typing text '123' into text field 'senha'.</msg>
<status status="PASS" starttime="20221128 23:15:51.253" endtime="20221128 23:15:52.258"/>
</kw>
<status status="PASS" starttime="20221128 23:15:51.252" endtime="20221128 23:15:52.258"/>
</kw>
<kw name="Submit Credentials" library="resource">
<arg>Logar</arg>
<kw name="Click Element" library="SeleniumLibrary">
<arg>//button[contains(text(),'${text}')]</arg>
<doc>Click the element identified by ``locator``.</doc>
<msg timestamp="20221128 23:15:52.259" level="INFO">Clicking element '//button[contains(text(),'Logar')]'.</msg>
<status status="PASS" starttime="20221128 23:15:52.259" endtime="20221128 23:15:52.920"/>
</kw>
<status status="PASS" starttime="20221128 23:15:52.258" endtime="20221128 23:15:52.920"/>
</kw>
<status status="PASS" starttime="20221128 23:15:50.213" endtime="20221128 23:15:52.920"/>
</kw>
<kw name="Then Create User">
<kw name="Write On Input Cadastro" library="resource">
<arg>nome</arg>
<arg>Usuario</arg>
<kw name="Write Text Input Cadastro" library="CustomLibraryTests">
<arg>${id}</arg>
<arg>${text}</arg>
<status status="PASS" starttime="20221128 23:15:52.922" endtime="20221128 23:15:53.614"/>
</kw>
<status status="PASS" starttime="20221128 23:15:52.921" endtime="20221128 23:15:53.614"/>
</kw>
<kw name="Write On Input Cadastro" library="resource">
<arg>sobrenome</arg>
<arg>Teste</arg>
<kw name="Write Text Input Cadastro" library="CustomLibraryTests">
<arg>${id}</arg>
<arg>${text}</arg>
<status status="PASS" starttime="20221128 23:15:53.615" endtime="20221128 23:15:54.298"/>
</kw>
<status status="PASS" starttime="20221128 23:15:53.614" endtime="20221128 23:15:54.298"/>
</kw>
<kw name="Write On Input Cadastro" library="resource">
<arg>idade</arg>
<arg>26</arg>
<kw name="Write Text Input Cadastro" library="CustomLibraryTests">
<arg>${id}</arg>
<arg>${text}</arg>
<status status="PASS" starttime="20221128 23:15:54.299" endtime="20221128 23:15:54.976"/>
</kw>
<status status="PASS" starttime="20221128 23:15:54.298" endtime="20221128 23:15:54.976"/>
</kw>
<kw name="Write On Input Cadastro" library="resource">
<arg>peso</arg>
<arg>80</arg>
<kw name="Write Text Input Cadastro" library="CustomLibraryTests">
<arg>${id}</arg>
<arg>${text}</arg>
<status status="PASS" starttime="20221128 23:15:54.976" endtime="20221128 23:15:55.658"/>
</kw>
<status status="PASS" starttime="20221128 23:15:54.976" endtime="20221128 23:15:55.658"/>
</kw>
<kw name="Write On Input Cadastro" library="resource">
<arg>objetivo</arg>
<arg>ganho</arg>
<kw name="Write Text Input Cadastro" library="CustomLibraryTests">
<arg>${id}</arg>
<arg>${text}</arg>
<status status="PASS" starttime="20221128 23:15:55.658" endtime="20221128 23:15:56.353"/>
</kw>
<status status="PASS" starttime="20221128 23:15:55.658" endtime="20221128 23:15:56.353"/>
</kw>
<kw name="Write On Input Cadastro" library="resource">
<arg>whatsapp</arg>
<arg>997856303</arg>
<kw name="Write Text Input Cadastro" library="CustomLibraryTests">
<arg>${id}</arg>
<arg>${text}</arg>
<status status="PASS" starttime="20221128 23:15:56.354" endtime="20221128 23:15:57.048"/>
</kw>
<status status="PASS" starttime="20221128 23:15:56.353" endtime="20221128 23:15:57.048"/>
</kw>
<kw name="Write On Input Cadastro" library="resource">
<arg>role</arg>
<arg>USER</arg>
<kw name="Write Text Input Cadastro" library="CustomLibraryTests">
<arg>${id}</arg>
<arg>${text}</arg>
<status status="PASS" starttime="20221128 23:15:57.048" endtime="20221128 23:15:57.725"/>
</kw>
<status status="PASS" starttime="20221128 23:15:57.048" endtime="20221128 23:15:57.725"/>
</kw>
<kw name="Submit Credentials" library="resource">
<arg>Cadastrar</arg>
<kw name="Click Element" library="SeleniumLibrary">
<arg>//button[contains(text(),'${text}')]</arg>
<doc>Click the element identified by ``locator``.</doc>
<msg timestamp="20221128 23:15:57.726" level="INFO">Clicking element '//button[contains(text(),'Cadastrar')]'.</msg>
<status status="PASS" starttime="20221128 23:15:57.726" endtime="20221128 23:15:58.400"/>
</kw>
<status status="PASS" starttime="20221128 23:15:57.725" endtime="20221128 23:15:58.400"/>
</kw>
<status status="PASS" starttime="20221128 23:15:52.921" endtime="20221128 23:15:58.400"/>
</kw>
<kw name="Verify Success Message" library="resource">
<kw name="Wait Until Element Is Visible" library="SeleniumLibrary">
<arg>//section[contains(@class,'sucess')]</arg>
<arg>2</arg>
<doc>Waits until the element ``locator`` is visible.</doc>
<status status="PASS" starttime="20221128 23:15:58.400" endtime="20221128 23:15:59.054"/>
</kw>
<status status="PASS" starttime="20221128 23:15:58.400" endtime="20221128 23:15:59.054"/>
</kw>
<kw name="And add rotina">
<kw name="Click On Editar" library="resource">
<arg>Usuario Teste</arg>
<kw name="Click On Editar Button" library="CustomLibraryTests">
<arg>${username}</arg>
<status status="PASS" starttime="20221128 23:15:59.056" endtime="20221128 23:15:59.726"/>
</kw>
<status status="PASS" starttime="20221128 23:15:59.056" endtime="20221128 23:15:59.726"/>
</kw>
<kw name="Wait Until Element Is Visible" library="SeleniumLibrary">
<arg>//div[contains(@class,'card-adicionar-rotina')]</arg>
<doc>Waits until the element ``locator`` is visible.</doc>
<status status="PASS" starttime="20221128 23:15:59.726" endtime="20221128 23:16:00.354"/>
</kw>
<kw name="Add Rotina Card" library="resource">
<arg>Segunda</arg>
<kw name="Click Card Add Rotina" library="CustomLibraryTests">
<status status="PASS" starttime="20221128 23:16:00.354" endtime="20221128 23:16:01.010"/>
</kw>
<kw name="Input Text" library="SeleniumLibrary">
<arg>dia</arg>
<arg>${dia}</arg>
<doc>Types the given ``text`` into the text field identified by ``locator``.</doc>
<msg timestamp="20221128 23:16:01.011" level="INFO">Typing text 'Segunda' into text field 'dia'.</msg>
<status status="PASS" starttime="20221128 23:16:01.010" endtime="20221128 23:16:02.017"/>
</kw>
<kw name="Click Button By Text" library="CustomLibraryTests">
<arg>Salvar</arg>
<status status="PASS" starttime="20221128 23:16:02.017" endtime="20221128 23:16:02.673"/>
</kw>
<kw name="Wait Until Element Is Visible" library="SeleniumLibrary">
<arg>//div[@class='card-rotina-container']//a[contains(text(),'${dia}')]</arg>
<arg>2</arg>
<doc>Waits until the element ``locator`` is visible.</doc>
<status status="PASS" starttime="20221128 23:16:02.673" endtime="20221128 23:16:03.312"/>
</kw>
<status status="PASS" starttime="20221128 23:16:00.354" endtime="20221128 23:16:03.312"/>
</kw>
<kw name="Click Rotina" library="CustomLibraryTests">
<arg>Segunda</arg>
<status status="PASS" starttime="20221128 23:16:03.312" endtime="20221128 23:16:03.980"/>
</kw>
<kw name="Wait Until Element Is Visible" library="SeleniumLibrary">
<arg>//section[@id='modal-editar']</arg>
<arg>2</arg>
<doc>Waits until the element ``locator`` is visible.</doc>
<status status="PASS" starttime="20221128 23:16:03.980" endtime="20221128 23:16:04.632"/>
</kw>
<kw name="Add Treino" library="resource">
<arg>Rosca Direta</arg>
<arg>0</arg>
<arg>4</arg>
<arg>12</arg>
<kw name="Wait Until Element Is Visible" library="SeleniumLibrary">
<arg>//div[@class='card-adicionar-exercicio']</arg>
<doc>Waits until the element ``locator`` is visible.</doc>
<status status="PASS" starttime="20221128 23:16:04.632" endtime="20221128 23:16:05.262"/>
</kw>
<kw name="Click Add Exercicio" library="CustomLibraryTests">
<status status="PASS" starttime="20221128 23:16:05.262" endtime="20221128 23:16:05.923"/>
</kw>
<kw name="Write Nome Exercicio" library="CustomLibraryTests">
<arg>${nome}</arg>
<arg>${index}</arg>
<status status="PASS" starttime="20221128 23:16:05.923" endtime="20221128 23:16:06.613"/>
</kw>
<kw name="Write Input Exercicio" library="CustomLibraryTests">
<arg>series</arg>
<arg>${serie}</arg>
<status status="PASS" starttime="20221128 23:16:06.613" endtime="20221128 23:16:07.285"/>
</kw>
<kw name="Write Input Exercicio" library="CustomLibraryTests">
<arg>repeticoes</arg>
<arg>${repeticoes}</arg>
<status status="PASS" starttime="20221128 23:16:07.285" endtime="20221128 23:16:07.960"/>
</kw>
<kw name="Click Button By Text And Index" library="CustomLibraryTests">
<arg>Salvar</arg>
<arg>${index}</arg>
<status status="PASS" starttime="20221128 23:16:07.960" endtime="20221128 23:16:08.619"/>
</kw>
<status status="PASS" starttime="20221128 23:16:04.632" endtime="20221128 23:16:08.619"/>
</kw>
<kw name="Add Treino" library="resource">
<arg>Rosca Concentrada</arg>
<arg>1</arg>
<arg>4</arg>
<arg>12</arg>
<kw name="Wait Until Element Is Visible" library="SeleniumLibrary">
<arg>//div[@class='card-adicionar-exercicio']</arg>
<doc>Waits until the element ``locator`` is visible.</doc>
<status status="PASS" starttime="20221128 23:16:08.620" endtime="20221128 23:16:09.245"/>
</kw>
<kw name="Click Add Exercicio" library="CustomLibraryTests">
<status status="PASS" starttime="20221128 23:16:09.245" endtime="20221128 23:16:09.890"/>
</kw>
<kw name="Write Nome Exercicio" library="CustomLibraryTests">
<arg>${nome}</arg>
<arg>${index}</arg>
<status status="PASS" starttime="20221128 23:16:09.890" endtime="20221128 23:16:10.598"/>
</kw>
<kw name="Write Input Exercicio" library="CustomLibraryTests">
<arg>series</arg>
<arg>${serie}</arg>
<status status="PASS" starttime="20221128 23:16:10.598" endtime="20221128 23:16:11.266"/>
</kw>
<kw name="Write Input Exercicio" library="CustomLibraryTests">
<arg>repeticoes</arg>
<arg>${repeticoes}</arg>
<status status="PASS" starttime="20221128 23:16:11.266" endtime="20221128 23:16:11.941"/>
</kw>
<kw name="Click Button By Text And Index" library="CustomLibraryTests">
<arg>Salvar</arg>
<arg>${index}</arg>
<status status="PASS" starttime="20221128 23:16:11.941" endtime="20221128 23:16:12.590"/>
</kw>
<status status="PASS" starttime="20221128 23:16:08.619" endtime="20221128 23:16:12.590"/>
</kw>
<kw name="Click Button By Text" library="CustomLibraryTests">
<arg>Fechar</arg>
<status status="PASS" starttime="20221128 23:16:12.590" endtime="20221128 23:16:13.251"/>
</kw>
<kw name="Title Should Be" library="SeleniumLibrary">
<arg>Editar Usuario</arg>
<doc>Verifies that the current page title equals ``title``.</doc>
<msg timestamp="20221128 23:16:13.564" level="INFO">Page title is 'Editar Usuario'.</msg>
<status status="PASS" starttime="20221128 23:16:13.251" endtime="20221128 23:16:13.564"/>
</kw>
<status status="PASS" starttime="20221128 23:15:59.055" endtime="20221128 23:16:13.564"/>
</kw>
<kw name="Logoff" library="resource" type="TEARDOWN">
<kw name="Click Button By Text" library="CustomLibraryTests">
<arg>Sair</arg>
<status status="PASS" starttime="20221128 23:16:13.565" endtime="20221128 23:16:14.237"/>
</kw>
<status status="PASS" starttime="20221128 23:16:13.564" endtime="20221128 23:16:14.237"/>
</kw>
<status status="PASS" starttime="20221128 23:15:49.901" endtime="20221128 23:16:14.238"/>
</test>
<test id="s1-t2" name="Test User Verify Routine" line="17">
<kw name="Given browser is opened to login page">
<kw name="Login Page Should Be Open" library="resource">
<kw name="Title Should Be" library="SeleniumLibrary">
<arg>Login</arg>
<doc>Verifies that the current page title equals ``title``.</doc>
<msg timestamp="20221128 23:16:14.551" level="INFO">Page title is 'Login'.</msg>
<status status="PASS" starttime="20221128 23:16:14.243" endtime="20221128 23:16:14.551"/>
</kw>
<status status="PASS" starttime="20221128 23:16:14.242" endtime="20221128 23:16:14.551"/>
</kw>
<status status="PASS" starttime="20221128 23:16:14.242" endtime="20221128 23:16:14.551"/>
</kw>
<kw name="When user &quot;${LOGIN USER}&quot; logs in with password &quot;${PASSWORD USER}&quot;" sourcename="User &quot;${username}&quot; logs in with password &quot;${password}&quot;">
<kw name="Input User Name" library="resource">
<arg>${username}</arg>
<kw name="Input Text" library="SeleniumLibrary">
<arg>usuario</arg>
<arg>${username}</arg>
<doc>Types the given ``text`` into the text field identified by ``locator``.</doc>
<msg timestamp="20221128 23:16:14.554" level="INFO">Typing text 'Usuario Teste' into text field 'usuario'.</msg>
<status status="PASS" starttime="20221128 23:16:14.554" endtime="20221128 23:16:15.569"/>
</kw>
<status status="PASS" starttime="20221128 23:16:14.554" endtime="20221128 23:16:15.569"/>
</kw>
<kw name="Input Password" library="resource">
<arg>${password}</arg>
<kw name="Input Text" library="SeleniumLibrary">
<arg>senha</arg>
<arg>${password}</arg>
<doc>Types the given ``text`` into the text field identified by ``locator``.</doc>
<msg timestamp="20221128 23:16:15.570" level="INFO">Typing text 'usuario.teste' into text field 'senha'.</msg>
<status status="PASS" starttime="20221128 23:16:15.570" endtime="20221128 23:16:16.596"/>
</kw>
<status status="PASS" starttime="20221128 23:16:15.569" endtime="20221128 23:16:16.596"/>
</kw>
<kw name="Submit Credentials" library="resource">
<arg>Logar</arg>
<kw name="Click Element" library="SeleniumLibrary">
<arg>//button[contains(text(),'${text}')]</arg>
<doc>Click the element identified by ``locator``.</doc>
<msg timestamp="20221128 23:16:16.597" level="INFO">Clicking element '//button[contains(text(),'Logar')]'.</msg>
<status status="PASS" starttime="20221128 23:16:16.597" endtime="20221128 23:16:17.259"/>
</kw>
<status status="PASS" starttime="20221128 23:16:16.596" endtime="20221128 23:16:17.259"/>
</kw>
<status status="PASS" starttime="20221128 23:16:14.553" endtime="20221128 23:16:17.259"/>
</kw>
<kw name="And select routine Segunda" sourcename="Select Routine ${dia}">
<kw name="Click Element" library="SeleniumLibrary">
<arg>//div[contains(@class,'card-rotina-container')]//a[text()='${dia}']</arg>
<doc>Click the element identified by ``locator``.</doc>
<msg timestamp="20221128 23:16:17.261" level="INFO">Clicking element '//div[contains(@class,'card-rotina-container')]//a[text()='Segunda']'.</msg>
<status status="PASS" starttime="20221128 23:16:17.260" endtime="20221128 23:16:17.933"/>
</kw>
<status status="PASS" starttime="20221128 23:16:17.260" endtime="20221128 23:16:17.933"/>
</kw>
<kw name="Then edit field carga Of Exercise Rosca Direta With Value 10" sourcename="Edit Field ${campo} Of Exercise ${nome} With Value ${valor}">
<kw name="Type Edit Input" library="resource">
<arg>${nome}</arg>
<arg>${campo}</arg>
<arg>${valor}</arg>
<kw name="Input Text" library="SeleniumLibrary">
<arg>//textarea[contains(text(),'${nome}')]/..//input[@id='${atributo}']</arg>
<arg>${valor}</arg>
<doc>Types the given ``text`` into the text field identified by ``locator``.</doc>
<msg timestamp="20221128 23:16:17.934" level="INFO">Typing text '10' into text field '//textarea[contains(text(),'Rosca Direta')]/..//input[@id='carga']'.</msg>
<status status="PASS" starttime="20221128 23:16:17.934" endtime="20221128 23:16:18.962"/>
</kw>
<status status="PASS" starttime="20221128 23:16:17.934" endtime="20221128 23:16:18.962"/>
</kw>
<status status="PASS" starttime="20221128 23:16:17.933" endtime="20221128 23:16:18.962"/>
</kw>
<kw name="And edit field cargaAlcancada Of Exercise Rosca Direta With Value 10" sourcename="Edit Field ${campo} Of Exercise ${nome} With Value ${valor}">
<kw name="Type Edit Input" library="resource">
<arg>${nome}</arg>
<arg>${campo}</arg>
<arg>${valor}</arg>
<kw name="Input Text" library="SeleniumLibrary">
<arg>//textarea[contains(text(),'${nome}')]/..//input[@id='${atributo}']</arg>
<arg>${valor}</arg>
<doc>Types the given ``text`` into the text field identified by ``locator``.</doc>
<msg timestamp="20221128 23:16:18.964" level="INFO">Typing text '10' into text field '//textarea[contains(text(),'Rosca Direta')]/..//input[@id='cargaAlcancada']'.</msg>
<status status="PASS" starttime="20221128 23:16:18.964" endtime="20221128 23:16:19.960"/>
</kw>
<status status="PASS" starttime="20221128 23:16:18.963" endtime="20221128 23:16:19.960"/>
</kw>
<status status="PASS" starttime="20221128 23:16:18.963" endtime="20221128 23:16:19.960"/>
</kw>
<kw name="And edit field repeticoesFeitas Of Exercise Rosca Direta With Value 10" sourcename="Edit Field ${campo} Of Exercise ${nome} With Value ${valor}">
<kw name="Type Edit Input" library="resource">
<arg>${nome}</arg>
<arg>${campo}</arg>
<arg>${valor}</arg>
<kw name="Input Text" library="SeleniumLibrary">
<arg>//textarea[contains(text(),'${nome}')]/..//input[@id='${atributo}']</arg>
<arg>${valor}</arg>
<doc>Types the given ``text`` into the text field identified by ``locator``.</doc>
<msg timestamp="20221128 23:16:19.963" level="INFO">Typing text '10' into text field '//textarea[contains(text(),'Rosca Direta')]/..//input[@id='repeticoesFeitas']'.</msg>
<status status="PASS" starttime="20221128 23:16:19.962" endtime="20221128 23:16:20.984"/>
</kw>
<status status="PASS" starttime="20221128 23:16:19.962" endtime="20221128 23:16:20.984"/>
</kw>
<status status="PASS" starttime="20221128 23:16:19.961" endtime="20221128 23:16:20.984"/>
</kw>
<kw name="And save exercise Rosca Direta" sourcename="Save Exercise ${exercicio}">
<kw name="Save Exercise" library="resource">
<arg>${exercicio}</arg>
<kw name="Click Element" library="SeleniumLibrary">
<arg>//textarea[contains(text(),'${nome}')]/../..//button[contains(text(),'Salvar')]</arg>
<doc>Click the element identified by ``locator``.</doc>
<msg timestamp="20221128 23:16:20.986" level="INFO">Clicking element '//textarea[contains(text(),'Rosca Direta')]/../..//button[contains(text(),'Salvar')]'.</msg>
<status status="PASS" starttime="20221128 23:16:20.986" endtime="20221128 23:16:21.648"/>
</kw>
<kw name="Wait Until Element Is Visible" library="SeleniumLibrary">
<arg>//section[contains(@class,'sucess')]</arg>
<arg>2</arg>
<doc>Waits until the element ``locator`` is visible.</doc>
<status status="PASS" starttime="20221128 23:16:21.648" endtime="20221128 23:16:22.277"/>
</kw>
<kw name="Element Should Be Visible" library="SeleniumLibrary">
<arg>//section[contains(@class,'sucess')]</arg>
<arg>2</arg>
<doc>Verifies that the element identified by ``locator`` is visible.</doc>
<msg timestamp="20221128 23:16:22.908" level="INFO">Element '//section[contains(@class,'sucess')]' is displayed.</msg>
<status status="PASS" starttime="20221128 23:16:22.277" endtime="20221128 23:16:22.908"/>
</kw>
<status status="PASS" starttime="20221128 23:16:20.985" endtime="20221128 23:16:22.908"/>
</kw>
<status status="PASS" starttime="20221128 23:16:20.985" endtime="20221128 23:16:22.908"/>
</kw>
<kw name="And edit field carga Of Exercise Rosca Concentrada With Value 10" sourcename="Edit Field ${campo} Of Exercise ${nome} With Value ${valor}">
<kw name="Type Edit Input" library="resource">
<arg>${nome}</arg>
<arg>${campo}</arg>
<arg>${valor}</arg>
<kw name="Input Text" library="SeleniumLibrary">
<arg>//textarea[contains(text(),'${nome}')]/..//input[@id='${atributo}']</arg>
<arg>${valor}</arg>
<doc>Types the given ``text`` into the text field identified by ``locator``.</doc>
<msg timestamp="20221128 23:16:22.910" level="INFO">Typing text '10' into text field '//textarea[contains(text(),'Rosca Concentrada')]/..//input[@id='carga']'.</msg>
<status status="PASS" starttime="20221128 23:16:22.910" endtime="20221128 23:16:23.930"/>
</kw>
<status status="PASS" starttime="20221128 23:16:22.910" endtime="20221128 23:16:23.930"/>
</kw>
<status status="PASS" starttime="20221128 23:16:22.909" endtime="20221128 23:16:23.930"/>
</kw>
<kw name="And edit field cargaAlcancada Of Exercise Rosca Concentrada With Value 10" sourcename="Edit Field ${campo} Of Exercise ${nome} With Value ${valor}">
<kw name="Type Edit Input" library="resource">
<arg>${nome}</arg>
<arg>${campo}</arg>
<arg>${valor}</arg>
<kw name="Input Text" library="SeleniumLibrary">
<arg>//textarea[contains(text(),'${nome}')]/..//input[@id='${atributo}']</arg>
<arg>${valor}</arg>
<doc>Types the given ``text`` into the text field identified by ``locator``.</doc>
<msg timestamp="20221128 23:16:23.933" level="INFO">Typing text '10' into text field '//textarea[contains(text(),'Rosca Concentrada')]/..//input[@id='cargaAlcancada']'.</msg>
<status status="PASS" starttime="20221128 23:16:23.932" endtime="20221128 23:16:24.961"/>
</kw>
<status status="PASS" starttime="20221128 23:16:23.932" endtime="20221128 23:16:24.961"/>
</kw>
<status status="PASS" starttime="20221128 23:16:23.931" endtime="20221128 23:16:24.961"/>
</kw>
<kw name="And edit field repeticoesFeitas Of Exercise Rosca Concentrada With Value 10" sourcename="Edit Field ${campo} Of Exercise ${nome} With Value ${valor}">
<kw name="Type Edit Input" library="resource">
<arg>${nome}</arg>
<arg>${campo}</arg>
<arg>${valor}</arg>
<kw name="Input Text" library="SeleniumLibrary">
<arg>//textarea[contains(text(),'${nome}')]/..//input[@id='${atributo}']</arg>
<arg>${valor}</arg>
<doc>Types the given ``text`` into the text field identified by ``locator``.</doc>
<msg timestamp="20221128 23:16:24.964" level="INFO">Typing text '10' into text field '//textarea[contains(text(),'Rosca Concentrada')]/..//input[@id='repeticoesFeitas']'.</msg>
<status status="PASS" starttime="20221128 23:16:24.964" endtime="20221128 23:16:25.983"/>
</kw>
<status status="PASS" starttime="20221128 23:16:24.963" endtime="20221128 23:16:25.983"/>
</kw>
<status status="PASS" starttime="20221128 23:16:24.963" endtime="20221128 23:16:25.983"/>
</kw>
<kw name="And save exercise Rosca Concentrada" sourcename="Save Exercise ${exercicio}">
<kw name="Save Exercise" library="resource">
<arg>${exercicio}</arg>
<kw name="Click Element" library="SeleniumLibrary">
<arg>//textarea[contains(text(),'${nome}')]/../..//button[contains(text(),'Salvar')]</arg>
<doc>Click the element identified by ``locator``.</doc>
<msg timestamp="20221128 23:16:25.985" level="INFO">Clicking element '//textarea[contains(text(),'Rosca Concentrada')]/../..//button[contains(text(),'Salvar')]'.</msg>
<status status="PASS" starttime="20221128 23:16:25.985" endtime="20221128 23:16:26.653"/>
</kw>
<kw name="Wait Until Element Is Visible" library="SeleniumLibrary">
<arg>//section[contains(@class,'sucess')]</arg>
<arg>2</arg>
<doc>Waits until the element ``locator`` is visible.</doc>
<status status="PASS" starttime="20221128 23:16:26.653" endtime="20221128 23:16:27.282"/>
</kw>
<kw name="Element Should Be Visible" library="SeleniumLibrary">
<arg>//section[contains(@class,'sucess')]</arg>
<arg>2</arg>
<doc>Verifies that the element identified by ``locator`` is visible.</doc>
<msg timestamp="20221128 23:16:27.912" level="INFO">Element '//section[contains(@class,'sucess')]' is displayed.</msg>
<status status="PASS" starttime="20221128 23:16:27.282" endtime="20221128 23:16:27.912"/>
</kw>
<status status="PASS" starttime="20221128 23:16:25.984" endtime="20221128 23:16:27.912"/>
</kw>
<status status="PASS" starttime="20221128 23:16:25.984" endtime="20221128 23:16:27.912"/>
</kw>
<kw name="And close modal">
<kw name="Wait Until Element Is Not Visible" library="SeleniumLibrary">
<arg>//section[contains(@class,'sucess')]</arg>
<arg>3</arg>
<doc>Waits until the element ``locator`` is not visible.</doc>
<status status="PASS" starttime="20221128 23:16:27.914" endtime="20221128 23:16:28.227"/>
</kw>
<kw name="Wait Until Element Is Enabled" library="SeleniumLibrary">
<arg>//div[@class='popup-container-elements']//button[contains(text(),'Fechar')]</arg>
<doc>Waits until the element ``locator`` is enabled.</doc>
<status status="PASS" starttime="20221128 23:16:28.227" endtime="20221128 23:16:29.171"/>
</kw>
<kw name="Click Button By Text" library="CustomLibraryTests">
<arg>Fechar</arg>
<status status="PASS" starttime="20221128 23:16:29.171" endtime="20221128 23:16:29.830"/>
</kw>
<kw name="Wait Until Element Is Not Visible" library="SeleniumLibrary">
<arg>//section[@id='modal-editar']</arg>
<doc>Waits until the element ``locator`` is not visible.</doc>
<status status="PASS" starttime="20221128 23:16:29.830" endtime="20221128 23:16:30.143"/>
</kw>
<status status="PASS" starttime="20221128 23:16:27.913" endtime="20221128 23:16:30.143"/>
</kw>
<kw name="Logoff" library="resource" type="TEARDOWN">
<kw name="Click Button By Text" library="CustomLibraryTests">
<arg>Sair</arg>
<status status="PASS" starttime="20221128 23:16:30.145" endtime="20221128 23:16:30.803"/>
</kw>
<status status="PASS" starttime="20221128 23:16:30.144" endtime="20221128 23:16:30.803"/>
</kw>
<status status="PASS" starttime="20221128 23:16:14.241" endtime="20221128 23:16:30.804"/>
</test>
<test id="s1-t3" name="Test Delete User" line="31">
<kw name="Given browser is opened to login page">
<kw name="Login Page Should Be Open" library="resource">
<kw name="Title Should Be" library="SeleniumLibrary">
<arg>Login</arg>
<doc>Verifies that the current page title equals ``title``.</doc>
<msg timestamp="20221128 23:16:31.136" level="INFO">Page title is 'Login'.</msg>
<status status="PASS" starttime="20221128 23:16:30.809" endtime="20221128 23:16:31.136"/>
</kw>
<status status="PASS" starttime="20221128 23:16:30.808" endtime="20221128 23:16:31.136"/>
</kw>
<status status="PASS" starttime="20221128 23:16:30.808" endtime="20221128 23:16:31.136"/>
</kw>
<kw name="When user &quot;${LOGIN ADM}&quot; logs in with password &quot;${PASSWORD ADM}&quot;" sourcename="User &quot;${username}&quot; logs in with password &quot;${password}&quot;">
<kw name="Input User Name" library="resource">
<arg>${username}</arg>
<kw name="Input Text" library="SeleniumLibrary">
<arg>usuario</arg>
<arg>${username}</arg>
<doc>Types the given ``text`` into the text field identified by ``locator``.</doc>
<msg timestamp="20221128 23:16:31.138" level="INFO">Typing text 'Matheus Scheffer' into text field 'usuario'.</msg>
<status status="PASS" starttime="20221128 23:16:31.138" endtime="20221128 23:16:32.155"/>
</kw>
<status status="PASS" starttime="20221128 23:16:31.138" endtime="20221128 23:16:32.155"/>
</kw>
<kw name="Input Password" library="resource">
<arg>${password}</arg>
<kw name="Input Text" library="SeleniumLibrary">
<arg>senha</arg>
<arg>${password}</arg>
<doc>Types the given ``text`` into the text field identified by ``locator``.</doc>
<msg timestamp="20221128 23:16:32.156" level="INFO">Typing text '123' into text field 'senha'.</msg>
<status status="PASS" starttime="20221128 23:16:32.156" endtime="20221128 23:16:33.159"/>
</kw>
<status status="PASS" starttime="20221128 23:16:32.155" endtime="20221128 23:16:33.159"/>
</kw>
<kw name="Submit Credentials" library="resource">
<arg>Logar</arg>
<kw name="Click Element" library="SeleniumLibrary">
<arg>//button[contains(text(),'${text}')]</arg>
<doc>Click the element identified by ``locator``.</doc>
<msg timestamp="20221128 23:16:33.160" level="INFO">Clicking element '//button[contains(text(),'Logar')]'.</msg>
<status status="PASS" starttime="20221128 23:16:33.160" endtime="20221128 23:16:33.814"/>
</kw>
<status status="PASS" starttime="20221128 23:16:33.159" endtime="20221128 23:16:33.814"/>
</kw>
<status status="PASS" starttime="20221128 23:16:31.137" endtime="20221128 23:16:33.814"/>
</kw>
<kw name="Then Delete User Usuario Teste" sourcename="Delete User ${user}">
<kw name="Click On Excluir Button" library="CustomLibraryTests">
<arg>${user}</arg>
<status status="PASS" starttime="20221128 23:16:33.815" endtime="20221128 23:16:34.487"/>
</kw>
<kw name="Wait Until Element Is Not Visible" library="SeleniumLibrary">
<arg>//li/span[contains(text(),'${user}')]</arg>
<doc>Waits until the element ``locator`` is not visible.</doc>
<status status="PASS" starttime="20221128 23:16:34.487" endtime="20221128 23:16:34.800"/>
</kw>
<status status="PASS" starttime="20221128 23:16:33.814" endtime="20221128 23:16:34.800"/>
</kw>
<kw name="Logoff" library="resource" type="TEARDOWN">
<kw name="Click Button By Text" library="CustomLibraryTests">
<arg>Sair</arg>
<status status="PASS" starttime="20221128 23:16:34.801" endtime="20221128 23:16:35.459"/>
</kw>
<status status="PASS" starttime="20221128 23:16:34.801" endtime="20221128 23:16:35.459"/>
</kw>
<status status="PASS" starttime="20221128 23:16:30.807" endtime="20221128 23:16:35.460"/>
</test>
<kw name="Close Browser" library="SeleniumLibrary" type="TEARDOWN">
<doc>Closes the current browser.</doc>
<status status="PASS" starttime="20221128 23:16:35.463" endtime="20221128 23:16:37.940"/>
</kw>
<status status="PASS" starttime="20221128 23:15:47.039" endtime="20221128 23:16:37.940"/>
</suite>
<statistics>
<total>
<stat pass="3" fail="0" skip="0">All Tests</stat>
</total>
<tag>
</tag>
<suite>
<stat pass="3" fail="0" skip="0" id="s1" name="Test Cases">Test Cases</stat>
</suite>
</statistics>
<errors>
</errors>
</robot>
